{"/Users/newton/src/github/latticedb/bindings/typescript/src/database.ts": {"path":"/Users/newton/src/github/latticedb/bindings/typescript/src/database.ts","statementMap":{"0":{"start":{"line":5,"column":0},"end":{"line":5,"column":44}},"1":{"start":{"line":13,"column":0},"end":{"line":13,"column":null}},"2":{"start":{"line":56,"column":35},"end":{"line":56,"column":39}},"3":{"start":{"line":57,"column":44},"end":{"line":57,"column":48}},"4":{"start":{"line":58,"column":19},"end":{"line":58,"column":24}},"5":{"start":{"line":67,"column":4},"end":{"line":67,"column":21}},"6":{"start":{"line":68,"column":4},"end":{"line":75,"column":6}},"7":{"start":{"line":82,"column":4},"end":{"line":84,"column":5}},"8":{"start":{"line":83,"column":6},"end":{"line":83,"column":13}},"9":{"start":{"line":86,"column":4},"end":{"line":86,"column":24}},"10":{"start":{"line":87,"column":4},"end":{"line":93,"column":7}},"11":{"start":{"line":100,"column":4},"end":{"line":102,"column":5}},"12":{"start":{"line":101,"column":6},"end":{"line":101,"column":13}},"13":{"start":{"line":103,"column":4},"end":{"line":103,"column":34}},"14":{"start":{"line":104,"column":4},"end":{"line":104,"column":25}},"15":{"start":{"line":105,"column":4},"end":{"line":105,"column":23}},"16":{"start":{"line":115,"column":4},"end":{"line":115,"column":22}},"17":{"start":{"line":116,"column":22},"end":{"line":116,"column":59}},"18":{"start":{"line":117,"column":16},"end":{"line":117,"column":59}},"19":{"start":{"line":118,"column":4},"end":{"line":123,"column":5}},"20":{"start":{"line":119,"column":21},"end":{"line":119,"column":34}},"21":{"start":{"line":120,"column":6},"end":{"line":120,"column":20}},"22":{"start":{"line":122,"column":6},"end":{"line":122,"column":21}},"23":{"start":{"line":133,"column":4},"end":{"line":135,"column":5}},"24":{"start":{"line":134,"column":6},"end":{"line":134,"column":62}},"25":{"start":{"line":136,"column":4},"end":{"line":136,"column":22}},"26":{"start":{"line":137,"column":22},"end":{"line":137,"column":60}},"27":{"start":{"line":138,"column":16},"end":{"line":138,"column":60}},"28":{"start":{"line":139,"column":4},"end":{"line":146,"column":5}},"29":{"start":{"line":140,"column":21},"end":{"line":140,"column":34}},"30":{"start":{"line":141,"column":6},"end":{"line":141,"column":19}},"31":{"start":{"line":142,"column":6},"end":{"line":142,"column":20}},"32":{"start":{"line":144,"column":6},"end":{"line":144,"column":21}},"33":{"start":{"line":145,"column":6},"end":{"line":145,"column":18}},"34":{"start":{"line":160,"column":4},"end":{"line":160,"column":22}},"35":{"start":{"line":161,"column":16},"end":{"line":161,"column":25}},"36":{"start":{"line":164,"column":18},"end":{"line":164,"column":58}},"37":{"start":{"line":165,"column":4},"end":{"line":208,"column":5}},"38":{"start":{"line":167,"column":6},"end":{"line":175,"column":7}},"39":{"start":{"line":168,"column":8},"end":{"line":174,"column":9}},"40":{"start":{"line":169,"column":10},"end":{"line":173,"column":11}},"41":{"start":{"line":170,"column":12},"end":{"line":170,"column":52}},"42":{"start":{"line":172,"column":12},"end":{"line":172,"column":46}},"43":{"start":{"line":178,"column":24},"end":{"line":178,"column":55}},"44":{"start":{"line":179,"column":6},"end":{"line":205,"column":7}},"45":{"start":{"line":180,"column":23},"end":{"line":180,"column":57}},"46":{"start":{"line":181,"column":8},"end":{"line":202,"column":9}},"47":{"start":{"line":183,"column":30},"end":{"line":183,"column":59}},"48":{"start":{"line":184,"column":36},"end":{"line":184,"column":38}},"49":{"start":{"line":185,"column":10},"end":{"line":187,"column":11}},"50":{"start":{"line":185,"column":23},"end":{"line":185,"column":24}},"51":{"start":{"line":186,"column":12},"end":{"line":186,"column":58}},"52":{"start":{"line":190,"column":56},"end":{"line":190,"column":58}},"53":{"start":{"line":191,"column":10},"end":{"line":197,"column":11}},"54":{"start":{"line":192,"column":55},"end":{"line":192,"column":57}},"55":{"start":{"line":193,"column":12},"end":{"line":195,"column":13}},"56":{"start":{"line":193,"column":25},"end":{"line":193,"column":26}},"57":{"start":{"line":194,"column":14},"end":{"line":194,"column":75}},"58":{"start":{"line":196,"column":12},"end":{"line":196,"column":27}},"59":{"start":{"line":199,"column":10},"end":{"line":199,"column":35}},"60":{"start":{"line":201,"column":10},"end":{"line":201,"column":33}},"61":{"start":{"line":204,"column":8},"end":{"line":204,"column":32}},"62":{"start":{"line":207,"column":6},"end":{"line":207,"column":27}},"63":{"start":{"line":222,"column":4},"end":{"line":222,"column":22}},"64":{"start":{"line":223,"column":16},"end":{"line":223,"column":25}},"65":{"start":{"line":224,"column":14},"end":{"line":224,"column":30}},"66":{"start":{"line":225,"column":21},"end":{"line":225,"column":43}},"67":{"start":{"line":227,"column":25},"end":{"line":227,"column":78}},"68":{"start":{"line":228,"column":4},"end":{"line":238,"column":5}},"69":{"start":{"line":229,"column":20},"end":{"line":229,"column":55}},"70":{"start":{"line":230,"column":44},"end":{"line":230,"column":46}},"71":{"start":{"line":231,"column":6},"end":{"line":234,"column":7}},"72":{"start":{"line":231,"column":19},"end":{"line":231,"column":20}},"73":{"start":{"line":232,"column":18},"end":{"line":232,"column":54}},"74":{"start":{"line":233,"column":8},"end":{"line":233,"column":65}},"75":{"start":{"line":235,"column":6},"end":{"line":235,"column":21}},"76":{"start":{"line":237,"column":6},"end":{"line":237,"column":41}},"77":{"start":{"line":252,"column":4},"end":{"line":252,"column":22}},"78":{"start":{"line":253,"column":16},"end":{"line":253,"column":25}},"79":{"start":{"line":254,"column":18},"end":{"line":254,"column":38}},"80":{"start":{"line":256,"column":25},"end":{"line":256,"column":68}},"81":{"start":{"line":257,"column":4},"end":{"line":266,"column":5}},"82":{"start":{"line":258,"column":20},"end":{"line":258,"column":52}},"83":{"start":{"line":259,"column":64},"end":{"line":259,"column":66}},"84":{"start":{"line":260,"column":6},"end":{"line":262,"column":7}},"85":{"start":{"line":260,"column":19},"end":{"line":260,"column":20}},"86":{"start":{"line":261,"column":8},"end":{"line":261,"column":56}},"87":{"start":{"line":263,"column":6},"end":{"line":263,"column":21}},"88":{"start":{"line":265,"column":6},"end":{"line":265,"column":38}},"89":{"start":{"line":280,"column":4},"end":{"line":280,"column":22}},"90":{"start":{"line":281,"column":16},"end":{"line":281,"column":25}},"91":{"start":{"line":282,"column":18},"end":{"line":282,"column":38}},"92":{"start":{"line":283,"column":24},"end":{"line":283,"column":49}},"93":{"start":{"line":284,"column":26},"end":{"line":284,"column":53}},"94":{"start":{"line":286,"column":25},"end":{"line":286,"column":101}},"95":{"start":{"line":287,"column":4},"end":{"line":296,"column":5}},"96":{"start":{"line":288,"column":20},"end":{"line":288,"column":52}},"97":{"start":{"line":289,"column":64},"end":{"line":289,"column":66}},"98":{"start":{"line":290,"column":6},"end":{"line":292,"column":7}},"99":{"start":{"line":290,"column":19},"end":{"line":290,"column":20}},"100":{"start":{"line":291,"column":8},"end":{"line":291,"column":56}},"101":{"start":{"line":293,"column":6},"end":{"line":293,"column":21}},"102":{"start":{"line":295,"column":6},"end":{"line":295,"column":38}},"103":{"start":{"line":305,"column":4},"end":{"line":305,"column":22}},"104":{"start":{"line":306,"column":4},"end":{"line":306,"column":41}},"105":{"start":{"line":315,"column":4},"end":{"line":315,"column":22}},"106":{"start":{"line":316,"column":4},"end":{"line":316,"column":48}},"107":{"start":{"line":323,"column":4},"end":{"line":323,"column":21}},"108":{"start":{"line":330,"column":4},"end":{"line":330,"column":50}},"109":{"start":{"line":337,"column":4},"end":{"line":339,"column":5}},"110":{"start":{"line":338,"column":6},"end":{"line":338,"column":46}},"111":{"start":{"line":53,"column":0},"end":{"line":53,"column":13}}},"fnMap":{"0":{"name":"(anonymous_0)","decl":{"start":{"line":66,"column":2},"end":{"line":66,"column":14}},"loc":{"start":{"line":66,"column":57},"end":{"line":76,"column":3}}},"1":{"name":"(anonymous_1)","decl":{"start":{"line":81,"column":2},"end":{"line":81,"column":7}},"loc":{"start":{"line":81,"column":12},"end":{"line":94,"column":3}}},"2":{"name":"(anonymous_2)","decl":{"start":{"line":99,"column":2},"end":{"line":99,"column":7}},"loc":{"start":{"line":99,"column":13},"end":{"line":106,"column":3}}},"3":{"name":"(anonymous_3)","decl":{"start":{"line":114,"column":2},"end":{"line":114,"column":7}},"loc":{"start":{"line":114,"column":52},"end":{"line":124,"column":3}}},"4":{"name":"(anonymous_4)","decl":{"start":{"line":132,"column":2},"end":{"line":132,"column":7}},"loc":{"start":{"line":132,"column":53},"end":{"line":147,"column":3}}},"5":{"name":"(anonymous_5)","decl":{"start":{"line":156,"column":2},"end":{"line":156,"column":7}},"loc":{"start":{"line":158,"column":46},"end":{"line":209,"column":3}}},"6":{"name":"(anonymous_6)","decl":{"start":{"line":218,"column":2},"end":{"line":218,"column":7}},"loc":{"start":{"line":220,"column":33},"end":{"line":239,"column":3}}},"7":{"name":"(anonymous_7)","decl":{"start":{"line":248,"column":2},"end":{"line":248,"column":7}},"loc":{"start":{"line":250,"column":30},"end":{"line":267,"column":3}}},"8":{"name":"(anonymous_8)","decl":{"start":{"line":276,"column":2},"end":{"line":276,"column":7}},"loc":{"start":{"line":278,"column":81},"end":{"line":297,"column":3}}},"9":{"name":"(anonymous_9)","decl":{"start":{"line":304,"column":2},"end":{"line":304,"column":7}},"loc":{"start":{"line":304,"column":18},"end":{"line":307,"column":3}}},"10":{"name":"(anonymous_10)","decl":{"start":{"line":314,"column":2},"end":{"line":314,"column":7}},"loc":{"start":{"line":314,"column":18},"end":{"line":317,"column":3}}},"11":{"name":"(anonymous_11)","decl":{"start":{"line":322,"column":2},"end":{"line":322,"column":9}},"loc":{"start":{"line":322,"column":9},"end":{"line":324,"column":3}}},"12":{"name":"(anonymous_12)","decl":{"start":{"line":329,"column":2},"end":{"line":329,"column":8}},"loc":{"start":{"line":329,"column":8},"end":{"line":331,"column":3}}},"13":{"name":"(anonymous_13)","decl":{"start":{"line":336,"column":10},"end":{"line":336,"column":20}},"loc":{"start":{"line":336,"column":20},"end":{"line":340,"column":3}}}},"branchMap":{"0":{"loc":{"start":{"line":66,"column":28},"end":{"line":66,"column":57}},"type":"default-arg","locations":[{"start":{"line":66,"column":55},"end":{"line":66,"column":57}}]},"1":{"loc":{"start":{"line":82,"column":4},"end":{"line":84,"column":5}},"type":"if","locations":[{"start":{"line":82,"column":4},"end":{"line":84,"column":5}}]},"2":{"loc":{"start":{"line":100,"column":4},"end":{"line":102,"column":5}},"type":"if","locations":[{"start":{"line":100,"column":4},"end":{"line":102,"column":5}}]},"3":{"loc":{"start":{"line":100,"column":8},"end":{"line":100,"column":66}},"type":"binary-expr","locations":[{"start":{"line":100,"column":8},"end":{"line":100,"column":19}},{"start":{"line":100,"column":23},"end":{"line":100,"column":45}},{"start":{"line":100,"column":49},"end":{"line":100,"column":66}}]},"4":{"loc":{"start":{"line":133,"column":4},"end":{"line":135,"column":5}},"type":"if","locations":[{"start":{"line":133,"column":4},"end":{"line":135,"column":5}}]},"5":{"loc":{"start":{"line":167,"column":6},"end":{"line":175,"column":7}},"type":"if","locations":[{"start":{"line":167,"column":6},"end":{"line":175,"column":7}}]},"6":{"loc":{"start":{"line":169,"column":10},"end":{"line":173,"column":11}},"type":"if","locations":[{"start":{"line":169,"column":10},"end":{"line":173,"column":11}},{"start":{"line":171,"column":17},"end":{"line":173,"column":11}}]},"7":{"loc":{"start":{"line":224,"column":14},"end":{"line":224,"column":30}},"type":"binary-expr","locations":[{"start":{"line":224,"column":14},"end":{"line":224,"column":24}},{"start":{"line":224,"column":28},"end":{"line":224,"column":30}}]},"8":{"loc":{"start":{"line":225,"column":21},"end":{"line":225,"column":43}},"type":"binary-expr","locations":[{"start":{"line":225,"column":21},"end":{"line":225,"column":38}},{"start":{"line":225,"column":42},"end":{"line":225,"column":43}}]},"9":{"loc":{"start":{"line":254,"column":18},"end":{"line":254,"column":38}},"type":"binary-expr","locations":[{"start":{"line":254,"column":18},"end":{"line":254,"column":32}},{"start":{"line":254,"column":36},"end":{"line":254,"column":38}}]},"10":{"loc":{"start":{"line":282,"column":18},"end":{"line":282,"column":38}},"type":"binary-expr","locations":[{"start":{"line":282,"column":18},"end":{"line":282,"column":32}},{"start":{"line":282,"column":36},"end":{"line":282,"column":38}}]},"11":{"loc":{"start":{"line":283,"column":24},"end":{"line":283,"column":49}},"type":"binary-expr","locations":[{"start":{"line":283,"column":24},"end":{"line":283,"column":44}},{"start":{"line":283,"column":48},"end":{"line":283,"column":49}}]},"12":{"loc":{"start":{"line":284,"column":26},"end":{"line":284,"column":53}},"type":"binary-expr","locations":[{"start":{"line":284,"column":26},"end":{"line":284,"column":48}},{"start":{"line":284,"column":52},"end":{"line":284,"column":53}}]},"13":{"loc":{"start":{"line":330,"column":11},"end":{"line":330,"column":49}},"type":"binary-expr","locations":[{"start":{"line":330,"column":11},"end":{"line":330,"column":33}},{"start":{"line":330,"column":37},"end":{"line":330,"column":49}}]},"14":{"loc":{"start":{"line":337,"column":4},"end":{"line":339,"column":5}},"type":"if","locations":[{"start":{"line":337,"column":4},"end":{"line":339,"column":5}}]},"15":{"loc":{"start":{"line":337,"column":8},"end":{"line":337,"column":45}},"type":"binary-expr","locations":[{"start":{"line":337,"column":8},"end":{"line":337,"column":30}},{"start":{"line":337,"column":34},"end":{"line":337,"column":45}}]}},"s":{"0":2,"1":2,"2":48,"3":48,"4":48,"5":48,"6":48,"7":46,"8":0,"9":46,"10":46,"11":45,"12":0,"13":45,"14":45,"15":45,"16":25,"17":25,"18":25,"19":25,"20":25,"21":24,"22":25,"23":53,"24":0,"25":53,"26":53,"27":53,"28":53,"29":53,"30":53,"31":53,"32":0,"33":0,"34":9,"35":9,"36":9,"37":9,"38":9,"39":0,"40":0,"41":0,"42":0,"43":9,"44":9,"45":9,"46":7,"47":7,"48":7,"49":7,"50":7,"51":7,"52":7,"53":7,"54":15,"55":15,"56":15,"57":15,"58":15,"59":7,"60":7,"61":9,"62":9,"63":2,"64":2,"65":2,"66":2,"67":2,"68":2,"69":2,"70":2,"71":2,"72":2,"73":3,"74":3,"75":2,"76":2,"77":2,"78":2,"79":2,"80":2,"81":2,"82":2,"83":2,"84":2,"85":2,"86":2,"87":2,"88":2,"89":3,"90":3,"91":3,"92":3,"93":3,"94":3,"95":3,"96":3,"97":3,"98":3,"99":3,"100":3,"101":3,"102":3,"103":2,"104":2,"105":4,"106":4,"107":2,"108":51,"109":100,"110":0,"111":2},"f":{"0":48,"1":46,"2":45,"3":25,"4":53,"5":9,"6":2,"7":2,"8":3,"9":2,"10":4,"11":2,"12":51,"13":100},"b":{"0":[2],"1":[0],"2":[0],"3":[45,45,45],"4":[0],"5":[0],"6":[0,0],"7":[2,0],"8":[2,2],"9":[2,0],"10":[3,0],"11":[3,1],"12":[3,3],"13":[51,45],"14":[0],"15":[100,100]}}
,"/Users/newton/src/github/latticedb/bindings/typescript/src/embedding.ts": {"path":"/Users/newton/src/github/latticedb/bindings/typescript/src/embedding.ts","statementMap":{"0":{"start":{"line":20,"column":0},"end":{"line":20,"column":16}},"1":{"start":{"line":8,"column":0},"end":{"line":8,"column":54}},"2":{"start":{"line":21,"column":2},"end":{"line":21,"column":46}},"3":{"start":{"line":43,"column":16},"end":{"line":43,"column":24}},"4":{"start":{"line":44,"column":4},"end":{"line":50,"column":7}},"5":{"start":{"line":60,"column":4},"end":{"line":62,"column":5}},"6":{"start":{"line":61,"column":6},"end":{"line":61,"column":57}},"7":{"start":{"line":63,"column":4},"end":{"line":63,"column":60}},"8":{"start":{"line":70,"column":4},"end":{"line":73,"column":5}},"9":{"start":{"line":71,"column":6},"end":{"line":71,"column":48}},"10":{"start":{"line":72,"column":6},"end":{"line":72,"column":25}},"11":{"start":{"line":34,"column":0},"end":{"line":34,"column":13}}},"fnMap":{"0":{"name":"hashEmbed","decl":{"start":{"line":20,"column":16},"end":{"line":20,"column":25}},"loc":{"start":{"line":20,"column":64},"end":{"line":22,"column":1}}},"1":{"name":"(anonymous_1)","decl":{"start":{"line":42,"column":2},"end":{"line":42,"column":14}},"loc":{"start":{"line":42,"column":37},"end":{"line":51,"column":3}}},"2":{"name":"(anonymous_2)","decl":{"start":{"line":59,"column":2},"end":{"line":59,"column":7}},"loc":{"start":{"line":59,"column":20},"end":{"line":64,"column":3}}},"3":{"name":"(anonymous_3)","decl":{"start":{"line":69,"column":2},"end":{"line":69,"column":7}},"loc":{"start":{"line":69,"column":7},"end":{"line":74,"column":3}}}},"branchMap":{"0":{"loc":{"start":{"line":20,"column":40},"end":{"line":20,"column":64}},"type":"default-arg","locations":[{"start":{"line":20,"column":61},"end":{"line":20,"column":64}}]},"1":{"loc":{"start":{"line":60,"column":4},"end":{"line":62,"column":5}},"type":"if","locations":[{"start":{"line":60,"column":4},"end":{"line":62,"column":5}}]},"2":{"loc":{"start":{"line":70,"column":4},"end":{"line":73,"column":5}},"type":"if","locations":[{"start":{"line":70,"column":4},"end":{"line":73,"column":5}}]}},"s":{"0":1,"1":1,"2":3,"3":0,"4":0,"5":1,"6":1,"7":0,"8":2,"9":0,"10":0,"11":1},"f":{"0":3,"1":0,"2":1,"3":2},"b":{"0":[0],"1":[1],"2":[0]}}
,"/Users/newton/src/github/latticedb/bindings/typescript/src/index.ts": {"path":"/Users/newton/src/github/latticedb/bindings/typescript/src/index.ts","statementMap":{"0":{"start":{"line":58,"column":0},"end":{"line":58,"column":16}},"1":{"start":{"line":30,"column":0},"end":{"line":30,"column":9}},"2":{"start":{"line":30,"column":9},"end":{"line":30,"column":55}},"3":{"start":{"line":31,"column":0},"end":{"line":31,"column":9}},"4":{"start":{"line":31,"column":9},"end":{"line":31,"column":44}},"5":{"start":{"line":32,"column":0},"end":{"line":32,"column":null}},"6":{"start":{"line":35,"column":2},"end":{"line":35,"column":null}},"7":{"start":{"line":43,"column":2},"end":{"line":43,"column":null}},"8":{"start":{"line":46,"column":0},"end":{"line":46,"column":9}},"9":{"start":{"line":46,"column":9},"end":{"line":46,"column":20}},"10":{"start":{"line":46,"column":20},"end":{"line":46,"column":57}},"11":{"start":{"line":47,"column":0},"end":{"line":47,"column":null}},"12":{"start":{"line":48,"column":2},"end":{"line":48,"column":null}},"13":{"start":{"line":49,"column":2},"end":{"line":49,"column":null}},"14":{"start":{"line":50,"column":2},"end":{"line":50,"column":null}},"15":{"start":{"line":59,"column":2},"end":{"line":65,"column":3}},"16":{"start":{"line":61,"column":23},"end":{"line":61,"column":39}},"17":{"start":{"line":62,"column":4},"end":{"line":62,"column":30}},"18":{"start":{"line":64,"column":4},"end":{"line":64,"column":19}}},"fnMap":{"0":{"name":"(anonymous_0)","decl":{"start":{"line":30,"column":9},"end":{"line":30,"column":17}},"loc":{"start":{"line":30,"column":9},"end":{"line":30,"column":55}}},"1":{"name":"(anonymous_1)","decl":{"start":{"line":31,"column":9},"end":{"line":31,"column":20}},"loc":{"start":{"line":31,"column":9},"end":{"line":31,"column":44}}},"2":{"name":"(anonymous_2)","decl":{"start":{"line":35,"column":2},"end":{"line":35,"column":7}},"loc":{"start":{"line":35,"column":2},"end":{"line":35,"column":null}}},"3":{"name":"(anonymous_3)","decl":{"start":{"line":43,"column":2},"end":{"line":43,"column":20}},"loc":{"start":{"line":43,"column":2},"end":{"line":43,"column":null}}},"4":{"name":"(anonymous_4)","decl":{"start":{"line":46,"column":9},"end":{"line":46,"column":18}},"loc":{"start":{"line":46,"column":9},"end":{"line":46,"column":20}}},"5":{"name":"(anonymous_5)","decl":{"start":{"line":46,"column":20},"end":{"line":46,"column":35}},"loc":{"start":{"line":46,"column":20},"end":{"line":46,"column":57}}},"6":{"name":"(anonymous_6)","decl":{"start":{"line":48,"column":2},"end":{"line":48,"column":20}},"loc":{"start":{"line":48,"column":2},"end":{"line":48,"column":null}}},"7":{"name":"(anonymous_7)","decl":{"start":{"line":49,"column":2},"end":{"line":49,"column":14}},"loc":{"start":{"line":49,"column":2},"end":{"line":49,"column":null}}},"8":{"name":"(anonymous_8)","decl":{"start":{"line":50,"column":2},"end":{"line":50,"column":19}},"loc":{"start":{"line":50,"column":2},"end":{"line":50,"column":null}}},"9":{"name":"version","decl":{"start":{"line":58,"column":16},"end":{"line":58,"column":23}},"loc":{"start":{"line":58,"column":23},"end":{"line":66,"column":1}}}},"branchMap":{},"s":{"0":1,"1":1,"2":1,"3":1,"4":1,"5":1,"6":1,"7":1,"8":1,"9":4,"10":3,"11":1,"12":1,"13":2,"14":3,"15":1,"16":1,"17":1,"18":0},"f":{"0":0,"1":0,"2":0,"3":0,"4":3,"5":2,"6":0,"7":1,"8":2,"9":1},"b":{}}
,"/Users/newton/src/github/latticedb/bindings/typescript/src/transaction.ts": {"path":"/Users/newton/src/github/latticedb/bindings/typescript/src/transaction.ts","statementMap":{"0":{"start":{"line":27,"column":22},"end":{"line":27,"column":27}},"1":{"start":{"line":28,"column":23},"end":{"line":28,"column":28}},"2":{"start":{"line":35,"column":4},"end":{"line":35,"column":19}},"3":{"start":{"line":36,"column":4},"end":{"line":36,"column":31}},"4":{"start":{"line":37,"column":4},"end":{"line":37,"column":29}},"5":{"start":{"line":44,"column":4},"end":{"line":46,"column":5}},"6":{"start":{"line":45,"column":6},"end":{"line":45,"column":55}},"7":{"start":{"line":47,"column":4},"end":{"line":49,"column":5}},"8":{"start":{"line":48,"column":6},"end":{"line":48,"column":57}},"9":{"start":{"line":50,"column":4},"end":{"line":52,"column":5}},"10":{"start":{"line":51,"column":6},"end":{"line":51,"column":44}},"11":{"start":{"line":53,"column":4},"end":{"line":53,"column":36}},"12":{"start":{"line":54,"column":4},"end":{"line":54,"column":26}},"13":{"start":{"line":55,"column":4},"end":{"line":55,"column":26}},"14":{"start":{"line":62,"column":4},"end":{"line":64,"column":5}},"15":{"start":{"line":63,"column":6},"end":{"line":63,"column":55}},"16":{"start":{"line":65,"column":4},"end":{"line":67,"column":5}},"17":{"start":{"line":66,"column":6},"end":{"line":66,"column":13}},"18":{"start":{"line":68,"column":4},"end":{"line":68,"column":38}},"19":{"start":{"line":69,"column":4},"end":{"line":69,"column":26}},"20":{"start":{"line":70,"column":4},"end":{"line":70,"column":27}},"21":{"start":{"line":80,"column":4},"end":{"line":80,"column":26}},"22":{"start":{"line":82,"column":19},"end":{"line":82,"column":39}},"23":{"start":{"line":83,"column":23},"end":{"line":83,"column":47}},"24":{"start":{"line":85,"column":4},"end":{"line":87,"column":5}},"25":{"start":{"line":86,"column":6},"end":{"line":86,"column":88}},"26":{"start":{"line":89,"column":23},"end":{"line":89,"column":38}},"27":{"start":{"line":90,"column":19},"end":{"line":90,"column":67}},"28":{"start":{"line":93,"column":4},"end":{"line":95,"column":5}},"29":{"start":{"line":94,"column":6},"end":{"line":94,"column":64}},"30":{"start":{"line":97,"column":4},"end":{"line":101,"column":6}},"31":{"start":{"line":110,"column":4},"end":{"line":110,"column":26}},"32":{"start":{"line":111,"column":4},"end":{"line":111,"column":49}},"33":{"start":{"line":121,"column":4},"end":{"line":121,"column":24}},"34":{"start":{"line":122,"column":4},"end":{"line":122,"column":56}},"35":{"start":{"line":135,"column":4},"end":{"line":135,"column":24}},"36":{"start":{"line":137,"column":4},"end":{"line":139,"column":5}},"37":{"start":{"line":138,"column":6},"end":{"line":138,"column":18}},"38":{"start":{"line":141,"column":19},"end":{"line":141,"column":66}},"39":{"start":{"line":143,"column":4},"end":{"line":147,"column":6}},"40":{"start":{"line":162,"column":4},"end":{"line":162,"column":26}},"41":{"start":{"line":163,"column":4},"end":{"line":163,"column":62}},"42":{"start":{"line":174,"column":4},"end":{"line":174,"column":24}},"43":{"start":{"line":175,"column":4},"end":{"line":175,"column":79}},"44":{"start":{"line":190,"column":4},"end":{"line":190,"column":26}},"45":{"start":{"line":191,"column":4},"end":{"line":191,"column":61}},"46":{"start":{"line":205,"column":4},"end":{"line":205,"column":26}},"47":{"start":{"line":206,"column":18},"end":{"line":206,"column":60}},"48":{"start":{"line":206,"column":38},"end":{"line":206,"column":58}},"49":{"start":{"line":207,"column":4},"end":{"line":207,"column":56}},"50":{"start":{"line":217,"column":4},"end":{"line":217,"column":26}},"51":{"start":{"line":218,"column":4},"end":{"line":218,"column":53}},"52":{"start":{"line":236,"column":4},"end":{"line":236,"column":26}},"53":{"start":{"line":238,"column":4},"end":{"line":240,"column":5}},"54":{"start":{"line":239,"column":6},"end":{"line":239,"column":63}},"55":{"start":{"line":242,"column":19},"end":{"line":242,"column":85}},"56":{"start":{"line":244,"column":4},"end":{"line":250,"column":6}},"57":{"start":{"line":265,"column":4},"end":{"line":265,"column":26}},"58":{"start":{"line":266,"column":4},"end":{"line":266,"column":71}},"59":{"start":{"line":276,"column":4},"end":{"line":276,"column":24}},"60":{"start":{"line":277,"column":25},"end":{"line":277,"column":75}},"61":{"start":{"line":278,"column":4},"end":{"line":293,"column":5}},"62":{"start":{"line":279,"column":20},"end":{"line":279,"column":58}},"63":{"start":{"line":280,"column":28},"end":{"line":280,"column":30}},"64":{"start":{"line":281,"column":6},"end":{"line":289,"column":7}},"65":{"start":{"line":281,"column":19},"end":{"line":281,"column":20}},"66":{"start":{"line":282,"column":18},"end":{"line":282,"column":57}},"67":{"start":{"line":283,"column":8},"end":{"line":288,"column":11}},"68":{"start":{"line":290,"column":6},"end":{"line":290,"column":19}},"69":{"start":{"line":292,"column":6},"end":{"line":292,"column":44}},"70":{"start":{"line":303,"column":4},"end":{"line":303,"column":24}},"71":{"start":{"line":304,"column":25},"end":{"line":304,"column":75}},"72":{"start":{"line":305,"column":4},"end":{"line":320,"column":5}},"73":{"start":{"line":306,"column":20},"end":{"line":306,"column":58}},"74":{"start":{"line":307,"column":28},"end":{"line":307,"column":30}},"75":{"start":{"line":308,"column":6},"end":{"line":316,"column":7}},"76":{"start":{"line":308,"column":19},"end":{"line":308,"column":20}},"77":{"start":{"line":309,"column":18},"end":{"line":309,"column":57}},"78":{"start":{"line":310,"column":8},"end":{"line":315,"column":11}},"79":{"start":{"line":317,"column":6},"end":{"line":317,"column":19}},"80":{"start":{"line":319,"column":6},"end":{"line":319,"column":44}},"81":{"start":{"line":327,"column":4},"end":{"line":327,"column":25}},"82":{"start":{"line":334,"column":4},"end":{"line":334,"column":74}},"83":{"start":{"line":341,"column":4},"end":{"line":343,"column":5}},"84":{"start":{"line":342,"column":6},"end":{"line":342,"column":51}},"85":{"start":{"line":350,"column":4},"end":{"line":350,"column":24}},"86":{"start":{"line":351,"column":4},"end":{"line":353,"column":5}},"87":{"start":{"line":352,"column":6},"end":{"line":352,"column":63}},"88":{"start":{"line":23,"column":0},"end":{"line":23,"column":13}}},"fnMap":{"0":{"name":"(anonymous_0)","decl":{"start":{"line":34,"column":2},"end":{"line":34,"column":14}},"loc":{"start":{"line":34,"column":78},"end":{"line":38,"column":3}}},"1":{"name":"(anonymous_1)","decl":{"start":{"line":43,"column":2},"end":{"line":43,"column":8}},"loc":{"start":{"line":43,"column":8},"end":{"line":56,"column":3}}},"2":{"name":"(anonymous_2)","decl":{"start":{"line":61,"column":2},"end":{"line":61,"column":10}},"loc":{"start":{"line":61,"column":10},"end":{"line":71,"column":3}}},"3":{"name":"(anonymous_3)","decl":{"start":{"line":79,"column":2},"end":{"line":79,"column":7}},"loc":{"start":{"line":79,"column":50},"end":{"line":102,"column":3}}},"4":{"name":"(anonymous_4)","decl":{"start":{"line":109,"column":2},"end":{"line":109,"column":7}},"loc":{"start":{"line":109,"column":33},"end":{"line":112,"column":3}}},"5":{"name":"(anonymous_5)","decl":{"start":{"line":120,"column":2},"end":{"line":120,"column":7}},"loc":{"start":{"line":120,"column":33},"end":{"line":123,"column":3}}},"6":{"name":"(anonymous_6)","decl":{"start":{"line":134,"column":2},"end":{"line":134,"column":7}},"loc":{"start":{"line":134,"column":30},"end":{"line":148,"column":3}}},"7":{"name":"(anonymous_7)","decl":{"start":{"line":157,"column":2},"end":{"line":157,"column":7}},"loc":{"start":{"line":160,"column":24},"end":{"line":164,"column":3}}},"8":{"name":"(anonymous_8)","decl":{"start":{"line":173,"column":2},"end":{"line":173,"column":7}},"loc":{"start":{"line":173,"column":47},"end":{"line":176,"column":3}}},"9":{"name":"(anonymous_9)","decl":{"start":{"line":185,"column":2},"end":{"line":185,"column":7}},"loc":{"start":{"line":188,"column":24},"end":{"line":192,"column":3}}},"10":{"name":"(anonymous_10)","decl":{"start":{"line":201,"column":2},"end":{"line":201,"column":7}},"loc":{"start":{"line":203,"column":27},"end":{"line":208,"column":3}}},"11":{"name":"(anonymous_11)","decl":{"start":{"line":206,"column":30},"end":{"line":206,"column":31}},"loc":{"start":{"line":206,"column":38},"end":{"line":206,"column":58}}},"12":{"name":"(anonymous_12)","decl":{"start":{"line":216,"column":2},"end":{"line":216,"column":7}},"loc":{"start":{"line":216,"column":45},"end":{"line":219,"column":3}}},"13":{"name":"(anonymous_13)","decl":{"start":{"line":230,"column":2},"end":{"line":230,"column":7}},"loc":{"start":{"line":234,"column":35},"end":{"line":251,"column":3}}},"14":{"name":"(anonymous_14)","decl":{"start":{"line":260,"column":2},"end":{"line":260,"column":7}},"loc":{"start":{"line":263,"column":20},"end":{"line":267,"column":3}}},"15":{"name":"(anonymous_15)","decl":{"start":{"line":275,"column":2},"end":{"line":275,"column":7}},"loc":{"start":{"line":275,"column":39},"end":{"line":294,"column":3}}},"16":{"name":"(anonymous_16)","decl":{"start":{"line":302,"column":2},"end":{"line":302,"column":7}},"loc":{"start":{"line":302,"column":39},"end":{"line":321,"column":3}}},"17":{"name":"(anonymous_17)","decl":{"start":{"line":326,"column":2},"end":{"line":326,"column":12}},"loc":{"start":{"line":326,"column":12},"end":{"line":328,"column":3}}},"18":{"name":"(anonymous_18)","decl":{"start":{"line":333,"column":2},"end":{"line":333,"column":10}},"loc":{"start":{"line":333,"column":10},"end":{"line":335,"column":3}}},"19":{"name":"(anonymous_19)","decl":{"start":{"line":340,"column":10},"end":{"line":340,"column":22}},"loc":{"start":{"line":340,"column":22},"end":{"line":344,"column":3}}},"20":{"name":"(anonymous_20)","decl":{"start":{"line":349,"column":10},"end":{"line":349,"column":24}},"loc":{"start":{"line":349,"column":24},"end":{"line":354,"column":3}}}},"branchMap":{"0":{"loc":{"start":{"line":44,"column":4},"end":{"line":46,"column":5}},"type":"if","locations":[{"start":{"line":44,"column":4},"end":{"line":46,"column":5}}]},"1":{"loc":{"start":{"line":47,"column":4},"end":{"line":49,"column":5}},"type":"if","locations":[{"start":{"line":47,"column":4},"end":{"line":49,"column":5}}]},"2":{"loc":{"start":{"line":50,"column":4},"end":{"line":52,"column":5}},"type":"if","locations":[{"start":{"line":50,"column":4},"end":{"line":52,"column":5}}]},"3":{"loc":{"start":{"line":62,"column":4},"end":{"line":64,"column":5}},"type":"if","locations":[{"start":{"line":62,"column":4},"end":{"line":64,"column":5}}]},"4":{"loc":{"start":{"line":65,"column":4},"end":{"line":67,"column":5}},"type":"if","locations":[{"start":{"line":65,"column":4},"end":{"line":67,"column":5}}]},"5":{"loc":{"start":{"line":65,"column":8},"end":{"line":65,"column":50}},"type":"binary-expr","locations":[{"start":{"line":65,"column":8},"end":{"line":65,"column":23}},{"start":{"line":65,"column":27},"end":{"line":65,"column":50}}]},"6":{"loc":{"start":{"line":79,"column":19},"end":{"line":79,"column":50}},"type":"default-arg","locations":[{"start":{"line":79,"column":48},"end":{"line":79,"column":50}}]},"7":{"loc":{"start":{"line":82,"column":19},"end":{"line":82,"column":39}},"type":"binary-expr","locations":[{"start":{"line":82,"column":19},"end":{"line":82,"column":33}},{"start":{"line":82,"column":37},"end":{"line":82,"column":39}}]},"8":{"loc":{"start":{"line":83,"column":23},"end":{"line":83,"column":47}},"type":"binary-expr","locations":[{"start":{"line":83,"column":23},"end":{"line":83,"column":41}},{"start":{"line":83,"column":45},"end":{"line":83,"column":47}}]},"9":{"loc":{"start":{"line":85,"column":4},"end":{"line":87,"column":5}},"type":"if","locations":[{"start":{"line":85,"column":4},"end":{"line":87,"column":5}}]},"10":{"loc":{"start":{"line":89,"column":23},"end":{"line":89,"column":38}},"type":"binary-expr","locations":[{"start":{"line":89,"column":23},"end":{"line":89,"column":32}},{"start":{"line":89,"column":36},"end":{"line":89,"column":38}}]},"11":{"loc":{"start":{"line":137,"column":4},"end":{"line":139,"column":5}},"type":"if","locations":[{"start":{"line":137,"column":4},"end":{"line":139,"column":5}}]},"12":{"loc":{"start":{"line":234,"column":4},"end":{"line":234,"column":35}},"type":"default-arg","locations":[{"start":{"line":234,"column":33},"end":{"line":234,"column":35}}]},"13":{"loc":{"start":{"line":238,"column":4},"end":{"line":240,"column":5}},"type":"if","locations":[{"start":{"line":238,"column":4},"end":{"line":240,"column":5}}]},"14":{"loc":{"start":{"line":238,"column":8},"end":{"line":238,"column":72}},"type":"binary-expr","locations":[{"start":{"line":238,"column":8},"end":{"line":238,"column":26}},{"start":{"line":238,"column":30},"end":{"line":238,"column":72}}]},"15":{"loc":{"start":{"line":334,"column":11},"end":{"line":334,"column":73}},"type":"binary-expr","locations":[{"start":{"line":334,"column":11},"end":{"line":334,"column":26}},{"start":{"line":334,"column":30},"end":{"line":334,"column":46}},{"start":{"line":334,"column":50},"end":{"line":334,"column":73}}]},"16":{"loc":{"start":{"line":341,"column":4},"end":{"line":343,"column":5}},"type":"if","locations":[{"start":{"line":341,"column":4},"end":{"line":343,"column":5}}]},"17":{"loc":{"start":{"line":351,"column":4},"end":{"line":353,"column":5}},"type":"if","locations":[{"start":{"line":351,"column":4},"end":{"line":353,"column":5}}]}},"s":{"0":81,"1":81,"2":81,"3":81,"4":81,"5":55,"6":1,"7":54,"8":0,"9":54,"10":0,"11":54,"12":54,"13":54,"14":29,"15":1,"16":28,"17":1,"18":27,"19":27,"20":27,"21":61,"22":59,"23":59,"24":59,"25":0,"26":59,"27":59,"28":59,"29":65,"30":59,"31":1,"32":1,"33":23,"34":21,"35":2,"36":2,"37":1,"38":1,"39":1,"40":6,"41":6,"42":6,"43":6,"44":1,"45":1,"46":3,"47":3,"48":14,"49":3,"50":7,"51":7,"52":22,"53":22,"54":0,"55":22,"56":22,"57":3,"58":3,"59":6,"60":6,"61":6,"62":6,"63":6,"64":6,"65":6,"66":6,"67":6,"68":6,"69":6,"70":1,"71":1,"72":1,"73":1,"74":1,"75":1,"76":1,"77":1,"78":1,"79":1,"80":1,"81":2,"82":147,"83":142,"84":2,"85":104,"86":104,"87":2,"88":2},"f":{"0":81,"1":55,"2":29,"3":61,"4":1,"5":23,"6":2,"7":6,"8":6,"9":1,"10":3,"11":14,"12":7,"13":22,"14":3,"15":6,"16":1,"17":2,"18":147,"19":142,"20":104},"b":{"0":[1],"1":[0],"2":[0],"3":[1],"4":[1],"5":[28,27],"6":[0],"7":[59,1],"8":[59,16],"9":[0],"10":[59,1],"11":[1],"12":[22],"13":[0],"14":[22,0],"15":[147,145,142],"16":[2],"17":[2]}}
,"/Users/newton/src/github/latticedb/bindings/typescript/src/types.ts": {"path":"/Users/newton/src/github/latticedb/bindings/typescript/src/types.ts","statementMap":{"0":{"start":{"line":49,"column":30},"end":{"line":49,"column":50}},"1":{"start":{"line":52,"column":4},"end":{"line":52,"column":27}},"2":{"start":{"line":56,"column":4},"end":{"line":56,"column":24}},"3":{"start":{"line":60,"column":4},"end":{"line":60,"column":24}},"4":{"start":{"line":64,"column":4},"end":{"line":64,"column":24}},"5":{"start":{"line":68,"column":4},"end":{"line":68,"column":24}},"6":{"start":{"line":72,"column":4},"end":{"line":72,"column":24}},"7":{"start":{"line":48,"column":0},"end":{"line":48,"column":13}},"8":{"start":{"line":137,"column":0},"end":{"line":137,"column":null}},"9":{"start":{"line":138,"column":2},"end":{"line":138,"column":null}},"10":{"start":{"line":139,"column":2},"end":{"line":139,"column":null}}},"fnMap":{"0":{"name":"(anonymous_0)","decl":{"start":{"line":49,"column":2},"end":{"line":49,"column":30}},"loc":{"start":{"line":49,"column":50},"end":{"line":49,"column":54}}},"1":{"name":"(anonymous_1)","decl":{"start":{"line":51,"column":2},"end":{"line":51,"column":8}},"loc":{"start":{"line":51,"column":13},"end":{"line":53,"column":3}}},"2":{"name":"(anonymous_2)","decl":{"start":{"line":55,"column":2},"end":{"line":55,"column":8}},"loc":{"start":{"line":55,"column":24},"end":{"line":57,"column":3}}},"3":{"name":"(anonymous_3)","decl":{"start":{"line":59,"column":2},"end":{"line":59,"column":8}},"loc":{"start":{"line":59,"column":22},"end":{"line":61,"column":3}}},"4":{"name":"(anonymous_4)","decl":{"start":{"line":63,"column":2},"end":{"line":63,"column":8}},"loc":{"start":{"line":63,"column":24},"end":{"line":65,"column":3}}},"5":{"name":"(anonymous_5)","decl":{"start":{"line":67,"column":2},"end":{"line":67,"column":8}},"loc":{"start":{"line":67,"column":25},"end":{"line":69,"column":3}}},"6":{"name":"(anonymous_6)","decl":{"start":{"line":71,"column":2},"end":{"line":71,"column":8}},"loc":{"start":{"line":71,"column":28},"end":{"line":73,"column":3}}},"7":{"name":"(anonymous_7)","decl":{"start":{"line":137,"column":0},"end":{"line":137,"column":12}},"loc":{"start":{"line":137,"column":30},"end":{"line":140,"column":1}}}},"branchMap":{"0":{"loc":{"start":{"line":137,"column":12},"end":{"line":137,"column":null}},"type":"binary-expr","locations":[{"start":{"line":137,"column":12},"end":{"line":137,"column":30}},{"start":{"line":137,"column":30},"end":{"line":137,"column":null}}]}},"s":{"0":6,"1":1,"2":1,"3":1,"4":1,"5":1,"6":1,"7":1,"8":1,"9":1,"10":1},"f":{"0":6,"1":1,"2":1,"3":1,"4":1,"5":1,"6":1,"7":1},"b":{"0":[1,1]}}
,"/Users/newton/src/github/latticedb/bindings/typescript/src/ffi/bindings.ts": {"path":"/Users/newton/src/github/latticedb/bindings/typescript/src/ffi/bindings.ts","statementMap":{"0":{"start":{"line":615,"column":0},"end":{"line":615,"column":16}},"1":{"start":{"line":8,"column":0},"end":{"line":8,"column":26}},"2":{"start":{"line":9,"column":0},"end":{"line":9,"column":39}},"3":{"start":{"line":12,"column":24},"end":{"line":12,"column":56}},"4":{"start":{"line":13,"column":19},"end":{"line":13,"column":46}},"5":{"start":{"line":14,"column":21},"end":{"line":14,"column":50}},"6":{"start":{"line":15,"column":22},"end":{"line":15,"column":52}},"7":{"start":{"line":16,"column":28},"end":{"line":16,"column":65}},"8":{"start":{"line":17,"column":25},"end":{"line":17,"column":59}},"9":{"start":{"line":18,"column":26},"end":{"line":18,"column":61}},"10":{"start":{"line":19,"column":31},"end":{"line":19,"column":71}},"11":{"start":{"line":22,"column":31},"end":{"line":28,"column":2}},"12":{"start":{"line":31,"column":30},"end":{"line":35,"column":2}},"13":{"start":{"line":38,"column":27},"end":{"line":45,"column":2}},"14":{"start":{"line":48,"column":27},"end":{"line":51,"column":2}},"15":{"start":{"line":54,"column":26},"end":{"line":57,"column":2}},"16":{"start":{"line":60,"column":27},"end":{"line":63,"column":2}},"17":{"start":{"line":66,"column":25},"end":{"line":73,"column":2}},"18":{"start":{"line":76,"column":21},"end":{"line":79,"column":2}},"19":{"start":{"line":305,"column":40},"end":{"line":305,"column":44}},"20":{"start":{"line":313,"column":2},"end":{"line":317,"column":3}},"21":{"start":{"line":314,"column":4},"end":{"line":314,"column":49}},"22":{"start":{"line":316,"column":4},"end":{"line":316,"column":99}},"23":{"start":{"line":316,"column":19},"end":{"line":316,"column":96}},"24":{"start":{"line":324,"column":14},"end":{"line":324,"column":26}},"25":{"start":{"line":327,"column":22},"end":{"line":327,"column":52}},"26":{"start":{"line":328,"column":25},"end":{"line":328,"column":51}},"27":{"start":{"line":329,"column":17},"end":{"line":329,"column":42}},"28":{"start":{"line":330,"column":20},"end":{"line":330,"column":41}},"29":{"start":{"line":331,"column":19},"end":{"line":331,"column":46}},"30":{"start":{"line":332,"column":22},"end":{"line":332,"column":45}},"31":{"start":{"line":333,"column":20},"end":{"line":333,"column":48}},"32":{"start":{"line":334,"column":23},"end":{"line":334,"column":47}},"33":{"start":{"line":335,"column":26},"end":{"line":335,"column":60}},"34":{"start":{"line":336,"column":29},"end":{"line":336,"column":59}},"35":{"start":{"line":337,"column":23},"end":{"line":337,"column":54}},"36":{"start":{"line":338,"column":26},"end":{"line":338,"column":53}},"37":{"start":{"line":339,"column":24},"end":{"line":339,"column":56}},"38":{"start":{"line":340,"column":27},"end":{"line":340,"column":55}},"39":{"start":{"line":341,"column":25},"end":{"line":341,"column":58}},"40":{"start":{"line":342,"column":19},"end":{"line":342,"column":46}},"41":{"start":{"line":343,"column":29},"end":{"line":343,"column":66}},"42":{"start":{"line":344,"column":32},"end":{"line":344,"column":65}},"43":{"start":{"line":345,"column":29},"end":{"line":345,"column":66}},"44":{"start":{"line":346,"column":28},"end":{"line":346,"column":64}},"45":{"start":{"line":348,"column":2},"end":{"line":609,"column":4}},"46":{"start":{"line":616,"column":2},"end":{"line":618,"column":3}},"47":{"start":{"line":617,"column":4},"end":{"line":617,"column":33}},"48":{"start":{"line":619,"column":2},"end":{"line":619,"column":19}}},"fnMap":{"0":{"name":"tryFunc","decl":{"start":{"line":312,"column":9},"end":{"line":312,"column":16}},"loc":{"start":{"line":312,"column":95},"end":{"line":318,"column":1}}},"1":{"name":"(anonymous_2)","decl":{"start":{"line":316,"column":11},"end":{"line":316,"column":14}},"loc":{"start":{"line":316,"column":16},"end":{"line":316,"column":98}}},"2":{"name":"createBindings","decl":{"start":{"line":323,"column":9},"end":{"line":323,"column":23}},"loc":{"start":{"line":323,"column":23},"end":{"line":610,"column":1}}},"3":{"name":"getBindings","decl":{"start":{"line":615,"column":16},"end":{"line":615,"column":27}},"loc":{"start":{"line":615,"column":27},"end":{"line":620,"column":1}}}},"branchMap":{"0":{"loc":{"start":{"line":616,"column":2},"end":{"line":618,"column":3}},"type":"if","locations":[{"start":{"line":616,"column":2},"end":{"line":618,"column":3}}]}},"s":{"0":2,"1":2,"2":2,"3":2,"4":2,"5":2,"6":2,"7":2,"8":2,"9":2,"10":2,"11":2,"12":2,"13":2,"14":2,"15":2,"16":2,"17":2,"18":2,"19":2,"20":12,"21":12,"22":0,"23":0,"24":2,"25":2,"26":2,"27":2,"28":2,"29":2,"30":2,"31":2,"32":2,"33":2,"34":2,"35":2,"36":2,"37":2,"38":2,"39":2,"40":2,"41":2,"42":2,"43":2,"44":2,"45":2,"46":2,"47":2,"48":2},"f":{"0":12,"1":0,"2":2,"3":2},"b":{"0":[2]}}
,"/Users/newton/src/github/latticedb/bindings/typescript/src/ffi/index.ts": {"path":"/Users/newton/src/github/latticedb/bindings/typescript/src/ffi/index.ts","statementMap":{"0":{"start":{"line":963,"column":0},"end":{"line":963,"column":16}},"1":{"start":{"line":7,"column":0},"end":{"line":7,"column":26}},"2":{"start":{"line":8,"column":0},"end":{"line":8,"column":58}},"3":{"start":{"line":16,"column":0},"end":{"line":16,"column":9}},"4":{"start":{"line":16,"column":9},"end":{"line":16,"column":29}},"5":{"start":{"line":16,"column":29},"end":{"line":16,"column":63}},"6":{"start":{"line":27,"column":4},"end":{"line":27,"column":19}},"7":{"start":{"line":25,"column":20},"end":{"line":25,"column":42}},"8":{"start":{"line":28,"column":4},"end":{"line":28,"column":31}},"9":{"start":{"line":22,"column":0},"end":{"line":22,"column":13}},"10":{"start":{"line":52,"column":4},"end":{"line":52,"column":25}},"11":{"start":{"line":48,"column":20},"end":{"line":48,"column":42}},"12":{"start":{"line":49,"column":20},"end":{"line":49,"column":43}},"13":{"start":{"line":50,"column":20},"end":{"line":50,"column":49}},"14":{"start":{"line":53,"column":4},"end":{"line":53,"column":36}},"15":{"start":{"line":44,"column":0},"end":{"line":44,"column":13}},"16":{"start":{"line":116,"column":4},"end":{"line":116,"column":34}},"17":{"start":{"line":123,"column":4},"end":{"line":126,"column":5}},"18":{"start":{"line":124,"column":22},"end":{"line":124,"column":63}},"19":{"start":{"line":125,"column":6},"end":{"line":125,"column":64}},"20":{"start":{"line":130,"column":4},"end":{"line":141,"column":5}},"21":{"start":{"line":132,"column":8},"end":{"line":132,"column":37}},"22":{"start":{"line":134,"column":8},"end":{"line":134,"column":40}},"23":{"start":{"line":136,"column":8},"end":{"line":136,"column":36}},"24":{"start":{"line":138,"column":8},"end":{"line":138,"column":41}},"25":{"start":{"line":140,"column":8},"end":{"line":140,"column":36}},"26":{"start":{"line":148,"column":4},"end":{"line":150,"column":5}},"27":{"start":{"line":149,"column":6},"end":{"line":149,"column":13}},"28":{"start":{"line":152,"column":18},"end":{"line":153,"column":null}},"29":{"start":{"line":155,"column":26},"end":{"line":155,"column":92}},"30":{"start":{"line":156,"column":23},"end":{"line":156,"column":86}},"31":{"start":{"line":159,"column":4},"end":{"line":165,"column":5}},"32":{"start":{"line":160,"column":6},"end":{"line":164,"column":8}},"33":{"start":{"line":167,"column":4},"end":{"line":176,"column":5}},"34":{"start":{"line":168,"column":30},"end":{"line":168,"column":71}},"35":{"start":{"line":169,"column":6},"end":{"line":175,"column":8}},"36":{"start":{"line":178,"column":4},"end":{"line":178,"column":26}},"37":{"start":{"line":185,"column":4},"end":{"line":185,"column":43}},"38":{"start":{"line":196,"column":17},"end":{"line":203,"column":6}},"39":{"start":{"line":205,"column":29},"end":{"line":205,"column":35}},"40":{"start":{"line":206,"column":16},"end":{"line":206,"column":61}},"41":{"start":{"line":207,"column":4},"end":{"line":207,"column":25}},"42":{"start":{"line":208,"column":4},"end":{"line":208,"column":20}},"43":{"start":{"line":215,"column":16},"end":{"line":215,"column":47}},"44":{"start":{"line":216,"column":4},"end":{"line":216,"column":25}},"45":{"start":{"line":227,"column":17},"end":{"line":227,"column":78}},"46":{"start":{"line":228,"column":30},"end":{"line":228,"column":36}},"47":{"start":{"line":229,"column":16},"end":{"line":229,"column":61}},"48":{"start":{"line":230,"column":4},"end":{"line":230,"column":25}},"49":{"start":{"line":231,"column":4},"end":{"line":231,"column":21}},"50":{"start":{"line":238,"column":16},"end":{"line":238,"column":49}},"51":{"start":{"line":239,"column":4},"end":{"line":239,"column":25}},"52":{"start":{"line":246,"column":16},"end":{"line":246,"column":51}},"53":{"start":{"line":247,"column":4},"end":{"line":247,"column":25}},"54":{"start":{"line":258,"column":20},"end":{"line":258,"column":35}},"55":{"start":{"line":259,"column":16},"end":{"line":259,"column":78}},"56":{"start":{"line":260,"column":4},"end":{"line":260,"column":25}},"57":{"start":{"line":261,"column":4},"end":{"line":261,"column":37}},"58":{"start":{"line":268,"column":16},"end":{"line":268,"column":62}},"59":{"start":{"line":269,"column":4},"end":{"line":269,"column":25}},"60":{"start":{"line":276,"column":22},"end":{"line":276,"column":37}},"61":{"start":{"line":277,"column":16},"end":{"line":277,"column":73}},"62":{"start":{"line":278,"column":4},"end":{"line":278,"column":25}},"63":{"start":{"line":279,"column":4},"end":{"line":279,"column":39}},"64":{"start":{"line":286,"column":33},"end":{"line":286,"column":39}},"65":{"start":{"line":287,"column":16},"end":{"line":287,"column":77}},"66":{"start":{"line":288,"column":4},"end":{"line":288,"column":25}},"67":{"start":{"line":290,"column":16},"end":{"line":290,"column":28}},"68":{"start":{"line":291,"column":4},"end":{"line":293,"column":5}},"69":{"start":{"line":292,"column":6},"end":{"line":292,"column":16}},"70":{"start":{"line":295,"column":4},"end":{"line":303,"column":5}},"71":{"start":{"line":296,"column":24},"end":{"line":296,"column":63}},"72":{"start":{"line":297,"column":6},"end":{"line":299,"column":7}},"73":{"start":{"line":298,"column":8},"end":{"line":298,"column":18}},"74":{"start":{"line":300,"column":6},"end":{"line":300,"column":34}},"75":{"start":{"line":302,"column":6},"end":{"line":302,"column":45}},"76":{"start":{"line":315,"column":16},"end":{"line":320,"column":null}},"77":{"start":{"line":322,"column":4},"end":{"line":322,"column":25}},"78":{"start":{"line":332,"column":18},"end":{"line":332,"column":30}},"79":{"start":{"line":333,"column":4},"end":{"line":335,"column":5}},"80":{"start":{"line":334,"column":6},"end":{"line":334,"column":16}},"81":{"start":{"line":338,"column":18},"end":{"line":342,"column":7}},"82":{"start":{"line":338,"column":36},"end":{"line":342,"column":6}},"83":{"start":{"line":345,"column":23},"end":{"line":345,"column":46}},"84":{"start":{"line":346,"column":21},"end":{"line":346,"column":36}},"85":{"start":{"line":348,"column":16},"end":{"line":353,"column":null}},"86":{"start":{"line":355,"column":4},"end":{"line":355,"column":25}},"87":{"start":{"line":357,"column":20},"end":{"line":357,"column":43}},"88":{"start":{"line":358,"column":4},"end":{"line":363,"column":5}},"89":{"start":{"line":359,"column":6},"end":{"line":362,"column":8}},"90":{"start":{"line":365,"column":26},"end":{"line":365,"column":28}},"91":{"start":{"line":366,"column":4},"end":{"line":368,"column":5}},"92":{"start":{"line":366,"column":17},"end":{"line":366,"column":18}},"93":{"start":{"line":367,"column":6},"end":{"line":367,"column":50}},"94":{"start":{"line":369,"column":4},"end":{"line":369,"column":15}},"95":{"start":{"line":385,"column":25},"end":{"line":385,"column":53}},"96":{"start":{"line":386,"column":16},"end":{"line":386,"column":87}},"97":{"start":{"line":387,"column":4},"end":{"line":387,"column":25}},"98":{"start":{"line":398,"column":21},"end":{"line":398,"column":42}},"99":{"start":{"line":399,"column":16},"end":{"line":399,"column":83}},"100":{"start":{"line":400,"column":4},"end":{"line":400,"column":25}},"101":{"start":{"line":401,"column":4},"end":{"line":401,"column":43}},"102":{"start":{"line":408,"column":21},"end":{"line":408,"column":42}},"103":{"start":{"line":409,"column":16},"end":{"line":409,"column":73}},"104":{"start":{"line":410,"column":4},"end":{"line":410,"column":25}},"105":{"start":{"line":411,"column":4},"end":{"line":411,"column":43}},"106":{"start":{"line":418,"column":25},"end":{"line":418,"column":53}},"107":{"start":{"line":419,"column":16},"end":{"line":419,"column":75}},"108":{"start":{"line":420,"column":4},"end":{"line":420,"column":25}},"109":{"start":{"line":428,"column":4},"end":{"line":438,"column":6}},"110":{"start":{"line":446,"column":4},"end":{"line":448,"column":5}},"111":{"start":{"line":447,"column":6},"end":{"line":447,"column":67}},"112":{"start":{"line":449,"column":4},"end":{"line":451,"column":5}},"113":{"start":{"line":450,"column":6},"end":{"line":450,"column":72}},"114":{"start":{"line":452,"column":4},"end":{"line":457,"column":5}},"115":{"start":{"line":453,"column":6},"end":{"line":455,"column":7}},"116":{"start":{"line":454,"column":8},"end":{"line":454,"column":72}},"117":{"start":{"line":456,"column":6},"end":{"line":456,"column":74}},"118":{"start":{"line":458,"column":4},"end":{"line":460,"column":5}},"119":{"start":{"line":459,"column":6},"end":{"line":459,"column":78}},"120":{"start":{"line":461,"column":4},"end":{"line":464,"column":5}},"121":{"start":{"line":462,"column":18},"end":{"line":462,"column":44}},"122":{"start":{"line":463,"column":6},"end":{"line":463,"column":100}},"123":{"start":{"line":465,"column":4},"end":{"line":467,"column":5}},"124":{"start":{"line":466,"column":6},"end":{"line":466,"column":111}},"125":{"start":{"line":468,"column":4},"end":{"line":470,"column":5}},"126":{"start":{"line":469,"column":6},"end":{"line":469,"column":102}},"127":{"start":{"line":472,"column":16},"end":{"line":472,"column":29}},"128":{"start":{"line":473,"column":19},"end":{"line":473,"column":43}},"129":{"start":{"line":474,"column":4},"end":{"line":474,"column":104}},"130":{"start":{"line":481,"column":17},"end":{"line":481,"column":35}},"131":{"start":{"line":482,"column":17},"end":{"line":482,"column":52}},"132":{"start":{"line":484,"column":4},"end":{"line":507,"column":5}},"133":{"start":{"line":486,"column":8},"end":{"line":486,"column":20}},"134":{"start":{"line":488,"column":8},"end":{"line":488,"column":40}},"135":{"start":{"line":491,"column":19},"end":{"line":491,"column":31}},"136":{"start":{"line":492,"column":8},"end":{"line":492,"column":66}},"137":{"start":{"line":495,"column":8},"end":{"line":495,"column":40}},"138":{"start":{"line":497,"column":19},"end":{"line":497,"column":76}},"139":{"start":{"line":498,"column":8},"end":{"line":498,"column":33}},"140":{"start":{"line":498,"column":21},"end":{"line":498,"column":33}},"141":{"start":{"line":500,"column":8},"end":{"line":500,"column":54}},"142":{"start":{"line":500,"column":40},"end":{"line":500,"column":54}},"143":{"start":{"line":501,"column":20},"end":{"line":501,"column":34}},"144":{"start":{"line":502,"column":8},"end":{"line":502,"column":33}},"145":{"start":{"line":502,"column":23},"end":{"line":502,"column":33}},"146":{"start":{"line":503,"column":8},"end":{"line":503,"column":59}},"147":{"start":{"line":506,"column":8},"end":{"line":506,"column":20}},"148":{"start":{"line":523,"column":33},"end":{"line":523,"column":39}},"149":{"start":{"line":524,"column":16},"end":{"line":530,"column":null}},"150":{"start":{"line":532,"column":4},"end":{"line":532,"column":25}},"151":{"start":{"line":533,"column":4},"end":{"line":533,"column":24}},"152":{"start":{"line":540,"column":4},"end":{"line":540,"column":61}},"153":{"start":{"line":550,"column":22},"end":{"line":550,"column":37}},"154":{"start":{"line":551,"column":24},"end":{"line":551,"column":39}},"155":{"start":{"line":552,"column":16},"end":{"line":556,"column":null}},"156":{"start":{"line":558,"column":4},"end":{"line":558,"column":25}},"157":{"start":{"line":559,"column":4},"end":{"line":562,"column":6}},"158":{"start":{"line":569,"column":4},"end":{"line":569,"column":53}},"159":{"start":{"line":580,"column":16},"end":{"line":580,"column":99}},"160":{"start":{"line":581,"column":4},"end":{"line":581,"column":25}},"161":{"start":{"line":592,"column":33},"end":{"line":592,"column":39}},"162":{"start":{"line":593,"column":16},"end":{"line":598,"column":null}},"163":{"start":{"line":600,"column":4},"end":{"line":600,"column":25}},"164":{"start":{"line":601,"column":4},"end":{"line":601,"column":24}},"165":{"start":{"line":614,"column":33},"end":{"line":614,"column":39}},"166":{"start":{"line":615,"column":16},"end":{"line":622,"column":null}},"167":{"start":{"line":624,"column":4},"end":{"line":624,"column":25}},"168":{"start":{"line":625,"column":4},"end":{"line":625,"column":24}},"169":{"start":{"line":632,"column":4},"end":{"line":632,"column":58}},"170":{"start":{"line":642,"column":22},"end":{"line":642,"column":37}},"171":{"start":{"line":643,"column":21},"end":{"line":643,"column":36}},"172":{"start":{"line":644,"column":16},"end":{"line":648,"column":null}},"173":{"start":{"line":650,"column":4},"end":{"line":650,"column":25}},"174":{"start":{"line":651,"column":4},"end":{"line":654,"column":6}},"175":{"start":{"line":661,"column":4},"end":{"line":661,"column":50}},"176":{"start":{"line":677,"column":20},"end":{"line":677,"column":35}},"177":{"start":{"line":678,"column":16},"end":{"line":683,"column":null}},"178":{"start":{"line":685,"column":4},"end":{"line":685,"column":25}},"179":{"start":{"line":686,"column":4},"end":{"line":686,"column":37}},"180":{"start":{"line":698,"column":16},"end":{"line":698,"column":80}},"181":{"start":{"line":699,"column":4},"end":{"line":699,"column":25}},"182":{"start":{"line":706,"column":33},"end":{"line":706,"column":39}},"183":{"start":{"line":707,"column":16},"end":{"line":707,"column":79}},"184":{"start":{"line":708,"column":4},"end":{"line":708,"column":25}},"185":{"start":{"line":709,"column":4},"end":{"line":709,"column":24}},"186":{"start":{"line":716,"column":33},"end":{"line":716,"column":39}},"187":{"start":{"line":717,"column":16},"end":{"line":717,"column":79}},"188":{"start":{"line":718,"column":4},"end":{"line":718,"column":25}},"189":{"start":{"line":719,"column":4},"end":{"line":719,"column":24}},"190":{"start":{"line":726,"column":4},"end":{"line":726,"column":59}},"191":{"start":{"line":736,"column":22},"end":{"line":736,"column":37}},"192":{"start":{"line":737,"column":22},"end":{"line":737,"column":37}},"193":{"start":{"line":738,"column":35},"end":{"line":738,"column":41}},"194":{"start":{"line":739,"column":27},"end":{"line":739,"column":42}},"195":{"start":{"line":741,"column":16},"end":{"line":747,"column":null}},"196":{"start":{"line":749,"column":4},"end":{"line":749,"column":25}},"197":{"start":{"line":751,"column":4},"end":{"line":755,"column":6}},"198":{"start":{"line":762,"column":4},"end":{"line":762,"column":51}},"199":{"start":{"line":773,"column":32},"end":{"line":773,"column":38}},"200":{"start":{"line":774,"column":16},"end":{"line":774,"column":73}},"201":{"start":{"line":775,"column":4},"end":{"line":775,"column":25}},"202":{"start":{"line":776,"column":4},"end":{"line":776,"column":23}},"203":{"start":{"line":787,"column":16},"end":{"line":791,"column":null}},"204":{"start":{"line":793,"column":4},"end":{"line":793,"column":25}},"205":{"start":{"line":800,"column":33},"end":{"line":800,"column":39}},"206":{"start":{"line":801,"column":16},"end":{"line":801,"column":74}},"207":{"start":{"line":802,"column":4},"end":{"line":802,"column":37}},"208":{"start":{"line":803,"column":4},"end":{"line":803,"column":24}},"209":{"start":{"line":810,"column":4},"end":{"line":810,"column":44}},"210":{"start":{"line":817,"column":16},"end":{"line":817,"column":59}},"211":{"start":{"line":818,"column":4},"end":{"line":818,"column":25}},"212":{"start":{"line":825,"column":23},"end":{"line":825,"column":38}},"213":{"start":{"line":826,"column":20},"end":{"line":826,"column":35}},"214":{"start":{"line":827,"column":22},"end":{"line":827,"column":37}},"215":{"start":{"line":828,"column":16},"end":{"line":828,"column":91}},"216":{"start":{"line":829,"column":4},"end":{"line":829,"column":25}},"217":{"start":{"line":830,"column":4},"end":{"line":834,"column":6}},"218":{"start":{"line":845,"column":4},"end":{"line":845,"column":53}},"219":{"start":{"line":852,"column":4},"end":{"line":852,"column":61}},"220":{"start":{"line":859,"column":4},"end":{"line":859,"column":67}},"221":{"start":{"line":866,"column":4},"end":{"line":866,"column":46}},"222":{"start":{"line":877,"column":33},"end":{"line":877,"column":39}},"223":{"start":{"line":878,"column":20},"end":{"line":878,"column":35}},"224":{"start":{"line":879,"column":16},"end":{"line":884,"column":null}},"225":{"start":{"line":886,"column":4},"end":{"line":886,"column":25}},"226":{"start":{"line":888,"column":17},"end":{"line":888,"column":39}},"227":{"start":{"line":889,"column":16},"end":{"line":889,"column":28}},"228":{"start":{"line":891,"column":4},"end":{"line":896,"column":5}},"229":{"start":{"line":892,"column":21},"end":{"line":892,"column":65}},"230":{"start":{"line":893,"column":6},"end":{"line":893,"column":38}},"231":{"start":{"line":895,"column":6},"end":{"line":895,"column":55}},"232":{"start":{"line":909,"column":20},"end":{"line":915,"column":6}},"233":{"start":{"line":917,"column":33},"end":{"line":917,"column":39}},"234":{"start":{"line":918,"column":16},"end":{"line":918,"column":81}},"235":{"start":{"line":919,"column":4},"end":{"line":919,"column":25}},"236":{"start":{"line":920,"column":4},"end":{"line":920,"column":24}},"237":{"start":{"line":927,"column":33},"end":{"line":927,"column":39}},"238":{"start":{"line":928,"column":20},"end":{"line":928,"column":35}},"239":{"start":{"line":929,"column":16},"end":{"line":934,"column":null}},"240":{"start":{"line":936,"column":4},"end":{"line":936,"column":25}},"241":{"start":{"line":938,"column":17},"end":{"line":938,"column":39}},"242":{"start":{"line":939,"column":16},"end":{"line":939,"column":28}},"243":{"start":{"line":941,"column":4},"end":{"line":946,"column":5}},"244":{"start":{"line":942,"column":21},"end":{"line":942,"column":65}},"245":{"start":{"line":943,"column":6},"end":{"line":943,"column":38}},"246":{"start":{"line":945,"column":6},"end":{"line":945,"column":55}},"247":{"start":{"line":953,"column":4},"end":{"line":953,"column":56}},"248":{"start":{"line":112,"column":0},"end":{"line":112,"column":13}},"249":{"start":{"line":958,"column":30},"end":{"line":958,"column":34}},"250":{"start":{"line":964,"column":2},"end":{"line":966,"column":3}},"251":{"start":{"line":965,"column":4},"end":{"line":965,"column":28}},"252":{"start":{"line":967,"column":2},"end":{"line":967,"column":14}}},"fnMap":{"0":{"name":"(anonymous_1)","decl":{"start":{"line":16,"column":9},"end":{"line":16,"column":27}},"loc":{"start":{"line":16,"column":9},"end":{"line":16,"column":29}}},"1":{"name":"(anonymous_2)","decl":{"start":{"line":16,"column":29},"end":{"line":16,"column":43}},"loc":{"start":{"line":16,"column":29},"end":{"line":16,"column":63}}},"2":{"name":"(anonymous_3)","decl":{"start":{"line":23,"column":2},"end":{"line":23,"column":null}},"loc":{"start":{"line":25,"column":42},"end":{"line":29,"column":3}}},"3":{"name":"(anonymous_4)","decl":{"start":{"line":45,"column":2},"end":{"line":45,"column":null}},"loc":{"start":{"line":50,"column":49},"end":{"line":54,"column":3}}},"4":{"name":"(anonymous_5)","decl":{"start":{"line":115,"column":2},"end":{"line":115,"column":null}},"loc":{"start":{"line":115,"column":2},"end":{"line":117,"column":3}}},"5":{"name":"(anonymous_6)","decl":{"start":{"line":122,"column":10},"end":{"line":122,"column":20}},"loc":{"start":{"line":122,"column":33},"end":{"line":127,"column":3}}},"6":{"name":"(anonymous_7)","decl":{"start":{"line":129,"column":10},"end":{"line":129,"column":29}},"loc":{"start":{"line":129,"column":43},"end":{"line":142,"column":3}}},"7":{"name":"(anonymous_8)","decl":{"start":{"line":147,"column":10},"end":{"line":147,"column":25}},"loc":{"start":{"line":147,"column":58},"end":{"line":179,"column":3}}},"8":{"name":"(anonymous_9)","decl":{"start":{"line":184,"column":2},"end":{"line":184,"column":9}},"loc":{"start":{"line":184,"column":9},"end":{"line":186,"column":3}}},"9":{"name":"(anonymous_10)","decl":{"start":{"line":195,"column":2},"end":{"line":195,"column":6}},"loc":{"start":{"line":195,"column":46},"end":{"line":209,"column":3}}},"10":{"name":"(anonymous_11)","decl":{"start":{"line":214,"column":2},"end":{"line":214,"column":7}},"loc":{"start":{"line":214,"column":26},"end":{"line":217,"column":3}}},"11":{"name":"(anonymous_12)","decl":{"start":{"line":226,"column":2},"end":{"line":226,"column":7}},"loc":{"start":{"line":226,"column":45},"end":{"line":232,"column":3}}},"12":{"name":"(anonymous_13)","decl":{"start":{"line":237,"column":2},"end":{"line":237,"column":8}},"loc":{"start":{"line":237,"column":31},"end":{"line":240,"column":3}}},"13":{"name":"(anonymous_14)","decl":{"start":{"line":245,"column":2},"end":{"line":245,"column":10}},"loc":{"start":{"line":245,"column":33},"end":{"line":248,"column":3}}},"14":{"name":"(anonymous_15)","decl":{"start":{"line":257,"column":2},"end":{"line":257,"column":12}},"loc":{"start":{"line":257,"column":51},"end":{"line":262,"column":3}}},"15":{"name":"(anonymous_16)","decl":{"start":{"line":267,"column":2},"end":{"line":267,"column":12}},"loc":{"start":{"line":267,"column":51},"end":{"line":270,"column":3}}},"16":{"name":"(anonymous_17)","decl":{"start":{"line":275,"column":2},"end":{"line":275,"column":12}},"loc":{"start":{"line":275,"column":51},"end":{"line":280,"column":3}}},"17":{"name":"(anonymous_18)","decl":{"start":{"line":285,"column":2},"end":{"line":285,"column":15}},"loc":{"start":{"line":285,"column":54},"end":{"line":304,"column":3}}},"18":{"name":"(anonymous_19)","decl":{"start":{"line":309,"column":2},"end":{"line":309,"column":11}},"loc":{"start":{"line":313,"column":24},"end":{"line":323,"column":3}}},"19":{"name":"(anonymous_20)","decl":{"start":{"line":328,"column":2},"end":{"line":328,"column":13}},"loc":{"start":{"line":330,"column":57},"end":{"line":370,"column":3}}},"20":{"name":"(anonymous_21)","decl":{"start":{"line":338,"column":28},"end":{"line":338,"column":29}},"loc":{"start":{"line":338,"column":36},"end":{"line":342,"column":6}}},"21":{"name":"(anonymous_22)","decl":{"start":{"line":379,"column":2},"end":{"line":379,"column":13}},"loc":{"start":{"line":383,"column":18},"end":{"line":388,"column":3}}},"22":{"name":"(anonymous_23)","decl":{"start":{"line":393,"column":2},"end":{"line":393,"column":13}},"loc":{"start":{"line":396,"column":15},"end":{"line":402,"column":3}}},"23":{"name":"(anonymous_24)","decl":{"start":{"line":407,"column":2},"end":{"line":407,"column":11}},"loc":{"start":{"line":407,"column":47},"end":{"line":412,"column":3}}},"24":{"name":"(anonymous_25)","decl":{"start":{"line":417,"column":2},"end":{"line":417,"column":11}},"loc":{"start":{"line":417,"column":60},"end":{"line":421,"column":3}}},"25":{"name":"(anonymous_26)","decl":{"start":{"line":427,"column":10},"end":{"line":427,"column":24}},"loc":{"start":{"line":427,"column":24},"end":{"line":439,"column":3}}},"26":{"name":"(anonymous_27)","decl":{"start":{"line":445,"column":10},"end":{"line":445,"column":26}},"loc":{"start":{"line":445,"column":41},"end":{"line":475,"column":3}}},"27":{"name":"(anonymous_28)","decl":{"start":{"line":480,"column":10},"end":{"line":480,"column":26}},"loc":{"start":{"line":480,"column":55},"end":{"line":508,"column":3}}},"28":{"name":"(anonymous_29)","decl":{"start":{"line":517,"column":2},"end":{"line":517,"column":14}},"loc":{"start":{"line":521,"column":24},"end":{"line":534,"column":3}}},"29":{"name":"(anonymous_30)","decl":{"start":{"line":539,"column":2},"end":{"line":539,"column":19}},"loc":{"start":{"line":539,"column":46},"end":{"line":541,"column":3}}},"30":{"name":"(anonymous_31)","decl":{"start":{"line":546,"column":2},"end":{"line":546,"column":17}},"loc":{"start":{"line":548,"column":17},"end":{"line":563,"column":3}}},"31":{"name":"(anonymous_32)","decl":{"start":{"line":568,"column":2},"end":{"line":568,"column":18}},"loc":{"start":{"line":568,"column":45},"end":{"line":570,"column":3}}},"32":{"name":"(anonymous_33)","decl":{"start":{"line":579,"column":2},"end":{"line":579,"column":10}},"loc":{"start":{"line":579,"column":63},"end":{"line":582,"column":3}}},"33":{"name":"(anonymous_34)","decl":{"start":{"line":587,"column":2},"end":{"line":587,"column":11}},"loc":{"start":{"line":590,"column":17},"end":{"line":602,"column":3}}},"34":{"name":"(anonymous_35)","decl":{"start":{"line":607,"column":2},"end":{"line":607,"column":16}},"loc":{"start":{"line":612,"column":29},"end":{"line":626,"column":3}}},"35":{"name":"(anonymous_36)","decl":{"start":{"line":631,"column":2},"end":{"line":631,"column":16}},"loc":{"start":{"line":631,"column":40},"end":{"line":633,"column":3}}},"36":{"name":"(anonymous_37)","decl":{"start":{"line":638,"column":2},"end":{"line":638,"column":14}},"loc":{"start":{"line":640,"column":17},"end":{"line":655,"column":3}}},"37":{"name":"(anonymous_38)","decl":{"start":{"line":660,"column":2},"end":{"line":660,"column":15}},"loc":{"start":{"line":660,"column":39},"end":{"line":662,"column":3}}},"38":{"name":"(anonymous_39)","decl":{"start":{"line":671,"column":2},"end":{"line":671,"column":12}},"loc":{"start":{"line":675,"column":20},"end":{"line":687,"column":3}}},"39":{"name":"(anonymous_40)","decl":{"start":{"line":692,"column":2},"end":{"line":692,"column":12}},"loc":{"start":{"line":696,"column":20},"end":{"line":700,"column":3}}},"40":{"name":"(anonymous_41)","decl":{"start":{"line":705,"column":2},"end":{"line":705,"column":18}},"loc":{"start":{"line":705,"column":57},"end":{"line":710,"column":3}}},"41":{"name":"(anonymous_42)","decl":{"start":{"line":715,"column":2},"end":{"line":715,"column":18}},"loc":{"start":{"line":715,"column":57},"end":{"line":720,"column":3}}},"42":{"name":"(anonymous_43)","decl":{"start":{"line":725,"column":2},"end":{"line":725,"column":17}},"loc":{"start":{"line":725,"column":42},"end":{"line":727,"column":3}}},"43":{"name":"(anonymous_44)","decl":{"start":{"line":732,"column":2},"end":{"line":732,"column":15}},"loc":{"start":{"line":734,"column":17},"end":{"line":756,"column":3}}},"44":{"name":"(anonymous_45)","decl":{"start":{"line":761,"column":2},"end":{"line":761,"column":16}},"loc":{"start":{"line":761,"column":41},"end":{"line":763,"column":3}}},"45":{"name":"(anonymous_46)","decl":{"start":{"line":772,"column":2},"end":{"line":772,"column":14}},"loc":{"start":{"line":772,"column":49},"end":{"line":777,"column":3}}},"46":{"name":"(anonymous_47)","decl":{"start":{"line":782,"column":2},"end":{"line":782,"column":17}},"loc":{"start":{"line":785,"column":24},"end":{"line":794,"column":3}}},"47":{"name":"(anonymous_48)","decl":{"start":{"line":799,"column":2},"end":{"line":799,"column":14}},"loc":{"start":{"line":799,"column":57},"end":{"line":804,"column":3}}},"48":{"name":"(anonymous_49)","decl":{"start":{"line":809,"column":2},"end":{"line":809,"column":11}},"loc":{"start":{"line":809,"column":30},"end":{"line":811,"column":3}}},"49":{"name":"(anonymous_50)","decl":{"start":{"line":816,"column":2},"end":{"line":816,"column":12}},"loc":{"start":{"line":816,"column":31},"end":{"line":819,"column":3}}},"50":{"name":"(anonymous_51)","decl":{"start":{"line":824,"column":2},"end":{"line":824,"column":12}},"loc":{"start":{"line":824,"column":31},"end":{"line":835,"column":3}}},"51":{"name":"(anonymous_52)","decl":{"start":{"line":844,"column":2},"end":{"line":844,"column":12}},"loc":{"start":{"line":844,"column":33},"end":{"line":846,"column":3}}},"52":{"name":"(anonymous_53)","decl":{"start":{"line":851,"column":2},"end":{"line":851,"column":19}},"loc":{"start":{"line":851,"column":40},"end":{"line":853,"column":3}}},"53":{"name":"(anonymous_54)","decl":{"start":{"line":858,"column":2},"end":{"line":858,"column":18}},"loc":{"start":{"line":858,"column":54},"end":{"line":860,"column":3}}},"54":{"name":"(anonymous_55)","decl":{"start":{"line":865,"column":2},"end":{"line":865,"column":12}},"loc":{"start":{"line":865,"column":33},"end":{"line":867,"column":3}}},"55":{"name":"(anonymous_56)","decl":{"start":{"line":876,"column":2},"end":{"line":876,"column":11}},"loc":{"start":{"line":876,"column":44},"end":{"line":897,"column":3}}},"56":{"name":"(anonymous_57)","decl":{"start":{"line":902,"column":2},"end":{"line":902,"column":23}},"loc":{"start":{"line":908,"column":3},"end":{"line":921,"column":3}}},"57":{"name":"(anonymous_58)","decl":{"start":{"line":926,"column":2},"end":{"line":926,"column":22}},"loc":{"start":{"line":926,"column":66},"end":{"line":947,"column":3}}},"58":{"name":"(anonymous_59)","decl":{"start":{"line":952,"column":2},"end":{"line":952,"column":21}},"loc":{"start":{"line":952,"column":51},"end":{"line":954,"column":3}}},"59":{"name":"getFFI","decl":{"start":{"line":963,"column":16},"end":{"line":963,"column":22}},"loc":{"start":{"line":963,"column":22},"end":{"line":968,"column":1}}}},"branchMap":{"0":{"loc":{"start":{"line":123,"column":4},"end":{"line":126,"column":5}},"type":"if","locations":[{"start":{"line":123,"column":4},"end":{"line":126,"column":5}}]},"1":{"loc":{"start":{"line":130,"column":4},"end":{"line":141,"column":5}},"type":"switch","locations":[{"start":{"line":131,"column":6},"end":{"line":132,"column":37}},{"start":{"line":133,"column":6},"end":{"line":134,"column":40}},{"start":{"line":135,"column":6},"end":{"line":136,"column":36}},{"start":{"line":137,"column":6},"end":{"line":138,"column":41}},{"start":{"line":139,"column":6},"end":{"line":140,"column":36}}]},"2":{"loc":{"start":{"line":148,"column":4},"end":{"line":150,"column":5}},"type":"if","locations":[{"start":{"line":148,"column":4},"end":{"line":150,"column":5}}]},"3":{"loc":{"start":{"line":155,"column":26},"end":{"line":155,"column":92}},"type":"binary-expr","locations":[{"start":{"line":155,"column":26},"end":{"line":155,"column":79}},{"start":{"line":155,"column":83},"end":{"line":155,"column":92}}]},"4":{"loc":{"start":{"line":156,"column":23},"end":{"line":156,"column":86}},"type":"binary-expr","locations":[{"start":{"line":156,"column":23},"end":{"line":156,"column":73}},{"start":{"line":156,"column":77},"end":{"line":156,"column":86}}]},"5":{"loc":{"start":{"line":159,"column":4},"end":{"line":165,"column":5}},"type":"if","locations":[{"start":{"line":159,"column":4},"end":{"line":165,"column":5}}]},"6":{"loc":{"start":{"line":167,"column":4},"end":{"line":176,"column":5}},"type":"if","locations":[{"start":{"line":167,"column":4},"end":{"line":176,"column":5}}]},"7":{"loc":{"start":{"line":167,"column":8},"end":{"line":167,"column":69}},"type":"binary-expr","locations":[{"start":{"line":167,"column":8},"end":{"line":167,"column":38}},{"start":{"line":167,"column":42},"end":{"line":167,"column":69}}]},"8":{"loc":{"start":{"line":170,"column":8},"end":{"line":170,"column":40}},"type":"binary-expr","locations":[{"start":{"line":170,"column":8},"end":{"line":170,"column":21}},{"start":{"line":170,"column":25},"end":{"line":170,"column":40}}]},"9":{"loc":{"start":{"line":195,"column":21},"end":{"line":195,"column":46}},"type":"default-arg","locations":[{"start":{"line":195,"column":44},"end":{"line":195,"column":46}}]},"10":{"loc":{"start":{"line":197,"column":14},"end":{"line":197,"column":37}},"type":"binary-expr","locations":[{"start":{"line":197,"column":14},"end":{"line":197,"column":28}},{"start":{"line":197,"column":32},"end":{"line":197,"column":37}}]},"11":{"loc":{"start":{"line":198,"column":17},"end":{"line":198,"column":42}},"type":"binary-expr","locations":[{"start":{"line":198,"column":17},"end":{"line":198,"column":33}},{"start":{"line":198,"column":37},"end":{"line":198,"column":42}}]},"12":{"loc":{"start":{"line":199,"column":21},"end":{"line":199,"column":47}},"type":"binary-expr","locations":[{"start":{"line":199,"column":21},"end":{"line":199,"column":40}},{"start":{"line":199,"column":44},"end":{"line":199,"column":47}}]},"13":{"loc":{"start":{"line":200,"column":17},"end":{"line":200,"column":41}},"type":"binary-expr","locations":[{"start":{"line":200,"column":17},"end":{"line":200,"column":33}},{"start":{"line":200,"column":37},"end":{"line":200,"column":41}}]},"14":{"loc":{"start":{"line":201,"column":21},"end":{"line":201,"column":50}},"type":"binary-expr","locations":[{"start":{"line":201,"column":21},"end":{"line":201,"column":41}},{"start":{"line":201,"column":45},"end":{"line":201,"column":50}}]},"15":{"loc":{"start":{"line":202,"column":25},"end":{"line":202,"column":56}},"type":"binary-expr","locations":[{"start":{"line":202,"column":25},"end":{"line":202,"column":49}},{"start":{"line":202,"column":53},"end":{"line":202,"column":56}}]},"16":{"loc":{"start":{"line":227,"column":17},"end":{"line":227,"column":78}},"type":"cond-expr","locations":[{"start":{"line":227,"column":27},"end":{"line":227,"column":52}},{"start":{"line":227,"column":53},"end":{"line":227,"column":78}}]},"17":{"loc":{"start":{"line":259,"column":55},"end":{"line":259,"column":68}},"type":"binary-expr","locations":[{"start":{"line":259,"column":55},"end":{"line":259,"column":60}},{"start":{"line":259,"column":64},"end":{"line":259,"column":68}}]},"18":{"loc":{"start":{"line":291,"column":4},"end":{"line":293,"column":5}},"type":"if","locations":[{"start":{"line":291,"column":4},"end":{"line":293,"column":5}}]},"19":{"loc":{"start":{"line":297,"column":6},"end":{"line":299,"column":7}},"type":"if","locations":[{"start":{"line":297,"column":6},"end":{"line":299,"column":7}}]},"20":{"loc":{"start":{"line":297,"column":10},"end":{"line":297,"column":46}},"type":"binary-expr","locations":[{"start":{"line":297,"column":10},"end":{"line":297,"column":20}},{"start":{"line":297,"column":24},"end":{"line":297,"column":46}}]},"21":{"loc":{"start":{"line":333,"column":4},"end":{"line":335,"column":5}},"type":"if","locations":[{"start":{"line":333,"column":4},"end":{"line":335,"column":5}}]},"22":{"loc":{"start":{"line":358,"column":4},"end":{"line":363,"column":5}},"type":"if","locations":[{"start":{"line":358,"column":4},"end":{"line":363,"column":5}}]},"23":{"loc":{"start":{"line":446,"column":4},"end":{"line":448,"column":5}},"type":"if","locations":[{"start":{"line":446,"column":4},"end":{"line":448,"column":5}}]},"24":{"loc":{"start":{"line":446,"column":8},"end":{"line":446,"column":45}},"type":"binary-expr","locations":[{"start":{"line":446,"column":8},"end":{"line":446,"column":22}},{"start":{"line":446,"column":26},"end":{"line":446,"column":45}}]},"25":{"loc":{"start":{"line":449,"column":4},"end":{"line":451,"column":5}},"type":"if","locations":[{"start":{"line":449,"column":4},"end":{"line":451,"column":5}}]},"26":{"loc":{"start":{"line":452,"column":4},"end":{"line":457,"column":5}},"type":"if","locations":[{"start":{"line":452,"column":4},"end":{"line":457,"column":5}}]},"27":{"loc":{"start":{"line":453,"column":6},"end":{"line":455,"column":7}},"type":"if","locations":[{"start":{"line":453,"column":6},"end":{"line":455,"column":7}}]},"28":{"loc":{"start":{"line":458,"column":4},"end":{"line":460,"column":5}},"type":"if","locations":[{"start":{"line":458,"column":4},"end":{"line":460,"column":5}}]},"29":{"loc":{"start":{"line":461,"column":4},"end":{"line":464,"column":5}},"type":"if","locations":[{"start":{"line":461,"column":4},"end":{"line":464,"column":5}}]},"30":{"loc":{"start":{"line":465,"column":4},"end":{"line":467,"column":5}},"type":"if","locations":[{"start":{"line":465,"column":4},"end":{"line":467,"column":5}}]},"31":{"loc":{"start":{"line":468,"column":4},"end":{"line":470,"column":5}},"type":"if","locations":[{"start":{"line":468,"column":4},"end":{"line":470,"column":5}}]},"32":{"loc":{"start":{"line":484,"column":4},"end":{"line":507,"column":5}},"type":"switch","locations":[{"start":{"line":485,"column":6},"end":{"line":486,"column":20}},{"start":{"line":487,"column":6},"end":{"line":488,"column":40}},{"start":{"line":489,"column":6},"end":{"line":493,"column":7}},{"start":{"line":494,"column":6},"end":{"line":495,"column":40}},{"start":{"line":496,"column":6},"end":{"line":504,"column":7}},{"start":{"line":505,"column":6},"end":{"line":506,"column":20}}]},"33":{"loc":{"start":{"line":492,"column":15},"end":{"line":492,"column":65}},"type":"cond-expr","locations":[{"start":{"line":492,"column":40},"end":{"line":492,"column":42}},{"start":{"line":492,"column":45},"end":{"line":492,"column":65}}]},"34":{"loc":{"start":{"line":498,"column":8},"end":{"line":498,"column":33}},"type":"if","locations":[{"start":{"line":498,"column":8},"end":{"line":498,"column":33}}]},"35":{"loc":{"start":{"line":500,"column":8},"end":{"line":500,"column":54}},"type":"if","locations":[{"start":{"line":500,"column":8},"end":{"line":500,"column":54}}]},"36":{"loc":{"start":{"line":502,"column":8},"end":{"line":502,"column":33}},"type":"if","locations":[{"start":{"line":502,"column":8},"end":{"line":502,"column":33}}]},"37":{"loc":{"start":{"line":521,"column":4},"end":{"line":521,"column":24}},"type":"default-arg","locations":[{"start":{"line":521,"column":23},"end":{"line":521,"column":24}}]},"38":{"loc":{"start":{"line":611,"column":4},"end":{"line":611,"column":27}},"type":"default-arg","locations":[{"start":{"line":611,"column":26},"end":{"line":611,"column":27}}]},"39":{"loc":{"start":{"line":612,"column":4},"end":{"line":612,"column":29}},"type":"default-arg","locations":[{"start":{"line":612,"column":28},"end":{"line":612,"column":29}}]},"40":{"loc":{"start":{"line":911,"column":13},"end":{"line":911,"column":47}},"type":"binary-expr","locations":[{"start":{"line":911,"column":13},"end":{"line":911,"column":25}},{"start":{"line":911,"column":29},"end":{"line":911,"column":47}}]},"41":{"loc":{"start":{"line":912,"column":18},"end":{"line":912,"column":39}},"type":"binary-expr","locations":[{"start":{"line":912,"column":18},"end":{"line":912,"column":34}},{"start":{"line":912,"column":38},"end":{"line":912,"column":39}}]},"42":{"loc":{"start":{"line":913,"column":15},"end":{"line":913,"column":36}},"type":"binary-expr","locations":[{"start":{"line":913,"column":15},"end":{"line":913,"column":28}},{"start":{"line":913,"column":32},"end":{"line":913,"column":36}}]},"43":{"loc":{"start":{"line":914,"column":18},"end":{"line":914,"column":39}},"type":"binary-expr","locations":[{"start":{"line":914,"column":18},"end":{"line":914,"column":34}},{"start":{"line":914,"column":38},"end":{"line":914,"column":39}}]},"44":{"loc":{"start":{"line":964,"column":2},"end":{"line":966,"column":3}},"type":"if","locations":[{"start":{"line":964,"column":2},"end":{"line":966,"column":3}}]}},"s":{"0":2,"1":2,"2":2,"3":2,"4":5,"5":2,"6":4,"7":4,"8":4,"9":2,"10":3,"11":3,"12":3,"13":3,"14":3,"15":2,"16":2,"17":529,"18":1,"19":1,"20":2,"21":1,"22":1,"23":0,"24":0,"25":0,"26":9,"27":7,"28":2,"29":2,"30":2,"31":2,"32":2,"33":2,"34":2,"35":2,"36":0,"37":1,"38":46,"39":46,"40":46,"41":46,"42":45,"43":45,"44":45,"45":90,"46":90,"47":90,"48":90,"49":90,"50":54,"51":54,"52":36,"53":36,"54":59,"55":59,"56":59,"57":59,"58":1,"59":1,"60":23,"61":23,"62":23,"63":23,"64":1,"65":1,"66":1,"67":1,"68":1,"69":0,"70":1,"71":1,"72":1,"73":0,"74":1,"75":1,"76":1,"77":1,"78":3,"79":3,"80":1,"81":2,"82":14,"83":2,"84":2,"85":2,"86":2,"87":2,"88":2,"89":0,"90":2,"91":2,"92":2,"93":14,"94":2,"95":71,"96":71,"97":71,"98":6,"99":6,"100":6,"101":6,"102":15,"103":15,"104":15,"105":15,"106":0,"107":0,"108":0,"109":21,"110":71,"111":0,"112":71,"113":1,"114":70,"115":26,"116":25,"117":1,"118":44,"119":0,"120":44,"121":44,"122":44,"123":0,"124":0,"125":0,"126":0,"127":0,"128":0,"129":0,"130":21,"131":21,"132":21,"133":0,"134":1,"135":17,"136":17,"137":1,"138":2,"139":2,"140":0,"141":2,"142":2,"143":0,"144":0,"145":0,"146":0,"147":0,"148":2,"149":2,"150":2,"151":2,"152":2,"153":3,"154":3,"155":3,"156":3,"157":3,"158":2,"159":7,"160":7,"161":2,"162":2,"163":2,"164":2,"165":3,"166":3,"167":3,"168":3,"169":5,"170":5,"171":5,"172":5,"173":5,"174":5,"175":5,"176":22,"177":22,"178":22,"179":22,"180":3,"181":3,"182":6,"183":6,"184":6,"185":6,"186":1,"187":1,"188":1,"189":1,"190":7,"191":7,"192":7,"193":7,"194":7,"195":7,"196":7,"197":7,"198":7,"199":9,"200":9,"201":9,"202":9,"203":0,"204":0,"205":9,"206":9,"207":9,"208":7,"209":9,"210":2,"211":2,"212":4,"213":4,"214":4,"215":4,"216":4,"217":4,"218":22,"219":7,"220":7,"221":7,"222":3,"223":3,"224":3,"225":3,"226":3,"227":3,"228":3,"229":3,"230":3,"231":3,"232":0,"233":0,"234":0,"235":0,"236":0,"237":0,"238":0,"239":0,"240":0,"241":0,"242":0,"243":0,"244":0,"245":0,"246":0,"247":0,"248":2,"249":2,"250":50,"251":2,"252":50},"f":{"0":3,"1":0,"2":4,"3":3,"4":2,"5":529,"6":2,"7":9,"8":1,"9":46,"10":45,"11":90,"12":54,"13":36,"14":59,"15":1,"16":23,"17":1,"18":1,"19":3,"20":14,"21":71,"22":6,"23":15,"24":0,"25":21,"26":71,"27":21,"28":2,"29":2,"30":3,"31":2,"32":7,"33":2,"34":3,"35":5,"36":5,"37":5,"38":22,"39":3,"40":6,"41":1,"42":7,"43":7,"44":7,"45":9,"46":0,"47":9,"48":9,"49":2,"50":4,"51":22,"52":7,"53":7,"54":7,"55":3,"56":0,"57":0,"58":0,"59":50},"b":{"0":[1],"1":[1,1,0,0,0],"2":[7],"3":[2,0],"4":[2,1],"5":[2],"6":[2],"7":[2,0],"8":[2,0],"9":[0],"10":[46,0],"11":[46,0],"12":[46,0],"13":[46,46],"14":[46,0],"15":[46,0],"16":[35,55],"17":[59,0],"18":[0],"19":[0],"20":[1,1],"21":[1],"22":[0],"23":[0],"24":[71,71],"25":[1],"26":[26],"27":[25],"28":[0],"29":[44],"30":[0],"31":[0],"32":[0,1,17,1,2,0],"33":[0,17],"34":[0],"35":[2],"36":[0],"37":[0],"38":[0],"39":[0],"40":[0,0],"41":[0,0],"42":[0,0],"43":[0,0],"44":[2]}}
,"/Users/newton/src/github/latticedb/bindings/typescript/src/ffi/library.ts": {"path":"/Users/newton/src/github/latticedb/bindings/typescript/src/ffi/library.ts","statementMap":{"0":{"start":{"line":111,"column":0},"end":{"line":111,"column":16}},"1":{"start":{"line":138,"column":0},"end":{"line":138,"column":16}},"2":{"start":{"line":150,"column":0},"end":{"line":150,"column":16}},"3":{"start":{"line":11,"column":0},"end":{"line":11,"column":26}},"4":{"start":{"line":12,"column":0},"end":{"line":12,"column":25}},"5":{"start":{"line":13,"column":0},"end":{"line":13,"column":29}},"6":{"start":{"line":14,"column":0},"end":{"line":14,"column":25}},"7":{"start":{"line":20,"column":2},"end":{"line":27,"column":3}},"8":{"start":{"line":22,"column":6},"end":{"line":22,"column":32}},"9":{"start":{"line":24,"column":6},"end":{"line":24,"column":27}},"10":{"start":{"line":26,"column":6},"end":{"line":26,"column":29}},"11":{"start":{"line":34,"column":19},"end":{"line":34,"column":35}},"12":{"start":{"line":35,"column":15},"end":{"line":35,"column":27}},"13":{"start":{"line":36,"column":2},"end":{"line":36,"column":31}},"14":{"start":{"line":45,"column":18},"end":{"line":45,"column":30}},"15":{"start":{"line":48,"column":18},"end":{"line":48,"column":46}},"16":{"start":{"line":49,"column":2},"end":{"line":63,"column":3}},"17":{"start":{"line":50,"column":4},"end":{"line":62,"column":5}},"18":{"start":{"line":52,"column":20},"end":{"line":52,"column":40}},"19":{"start":{"line":53,"column":6},"end":{"line":55,"column":7}},"20":{"start":{"line":54,"column":8},"end":{"line":54,"column":23}},"21":{"start":{"line":56,"column":6},"end":{"line":61,"column":7}},"22":{"start":{"line":57,"column":24},"end":{"line":57,"column":51}},"23":{"start":{"line":58,"column":8},"end":{"line":60,"column":9}},"24":{"start":{"line":59,"column":10},"end":{"line":59,"column":25}},"25":{"start":{"line":67,"column":22},"end":{"line":67,"column":82}},"26":{"start":{"line":68,"column":2},"end":{"line":70,"column":3}},"27":{"start":{"line":69,"column":4},"end":{"line":69,"column":23}},"28":{"start":{"line":74,"column":18},"end":{"line":74,"column":74}},"29":{"start":{"line":75,"column":2},"end":{"line":77,"column":3}},"30":{"start":{"line":76,"column":4},"end":{"line":76,"column":19}},"31":{"start":{"line":80,"column":32},"end":{"line":84,"column":4}},"32":{"start":{"line":87,"column":2},"end":{"line":90,"column":3}},"33":{"start":{"line":88,"column":4},"end":{"line":88,"column":45}},"34":{"start":{"line":89,"column":4},"end":{"line":89,"column":56}},"35":{"start":{"line":92,"column":2},"end":{"line":97,"column":3}},"36":{"start":{"line":93,"column":20},"end":{"line":93,"column":43}},"37":{"start":{"line":94,"column":4},"end":{"line":96,"column":5}},"38":{"start":{"line":95,"column":6},"end":{"line":95,"column":21}},"39":{"start":{"line":99,"column":2},"end":{"line":99,"column":14}},"40":{"start":{"line":103,"column":35},"end":{"line":103,"column":39}},"41":{"start":{"line":104,"column":30},"end":{"line":104,"column":34}},"42":{"start":{"line":112,"column":2},"end":{"line":114,"column":3}},"43":{"start":{"line":113,"column":4},"end":{"line":113,"column":16}},"44":{"start":{"line":116,"column":18},"end":{"line":116,"column":31}},"45":{"start":{"line":117,"column":2},"end":{"line":124,"column":3}},"46":{"start":{"line":118,"column":4},"end":{"line":123,"column":6}},"47":{"start":{"line":126,"column":2},"end":{"line":132,"column":3}},"48":{"start":{"line":127,"column":4},"end":{"line":127,"column":31}},"49":{"start":{"line":128,"column":4},"end":{"line":128,"column":23}},"50":{"start":{"line":129,"column":4},"end":{"line":129,"column":16}},"51":{"start":{"line":131,"column":4},"end":{"line":131,"column":73}},"52":{"start":{"line":139,"column":2},"end":{"line":144,"column":3}},"53":{"start":{"line":140,"column":4},"end":{"line":140,"column":26}},"54":{"start":{"line":140,"column":14},"end":{"line":140,"column":26}},"55":{"start":{"line":141,"column":4},"end":{"line":141,"column":34}},"56":{"start":{"line":143,"column":4},"end":{"line":143,"column":17}},"57":{"start":{"line":151,"column":2},"end":{"line":151,"column":18}}},"fnMap":{"0":{"name":"getLibName","decl":{"start":{"line":19,"column":9},"end":{"line":19,"column":19}},"loc":{"start":{"line":19,"column":19},"end":{"line":28,"column":1}}},"1":{"name":"getPlatformDir","decl":{"start":{"line":33,"column":9},"end":{"line":33,"column":23}},"loc":{"start":{"line":33,"column":23},"end":{"line":37,"column":1}}},"2":{"name":"findLibrary","decl":{"start":{"line":44,"column":9},"end":{"line":44,"column":20}},"loc":{"start":{"line":44,"column":20},"end":{"line":100,"column":1}}},"3":{"name":"getLibrary","decl":{"start":{"line":111,"column":16},"end":{"line":111,"column":26}},"loc":{"start":{"line":111,"column":26},"end":{"line":133,"column":1}}},"4":{"name":"isLibraryAvailable","decl":{"start":{"line":138,"column":16},"end":{"line":138,"column":34}},"loc":{"start":{"line":138,"column":34},"end":{"line":145,"column":1}}},"5":{"name":"getLibraryPath","decl":{"start":{"line":150,"column":16},"end":{"line":150,"column":30}},"loc":{"start":{"line":150,"column":30},"end":{"line":152,"column":1}}}},"branchMap":{"0":{"loc":{"start":{"line":20,"column":2},"end":{"line":27,"column":3}},"type":"switch","locations":[{"start":{"line":21,"column":4},"end":{"line":22,"column":32}},{"start":{"line":23,"column":4},"end":{"line":24,"column":27}},{"start":{"line":25,"column":4},"end":{"line":26,"column":29}}]},"1":{"loc":{"start":{"line":49,"column":2},"end":{"line":63,"column":3}},"type":"if","locations":[{"start":{"line":49,"column":2},"end":{"line":63,"column":3}}]},"2":{"loc":{"start":{"line":50,"column":4},"end":{"line":62,"column":5}},"type":"if","locations":[{"start":{"line":50,"column":4},"end":{"line":62,"column":5}}]},"3":{"loc":{"start":{"line":53,"column":6},"end":{"line":55,"column":7}},"type":"if","locations":[{"start":{"line":53,"column":6},"end":{"line":55,"column":7}}]},"4":{"loc":{"start":{"line":56,"column":6},"end":{"line":61,"column":7}},"type":"if","locations":[{"start":{"line":56,"column":6},"end":{"line":61,"column":7}}]},"5":{"loc":{"start":{"line":58,"column":8},"end":{"line":60,"column":9}},"type":"if","locations":[{"start":{"line":58,"column":8},"end":{"line":60,"column":9}}]},"6":{"loc":{"start":{"line":68,"column":2},"end":{"line":70,"column":3}},"type":"if","locations":[{"start":{"line":68,"column":2},"end":{"line":70,"column":3}}]},"7":{"loc":{"start":{"line":75,"column":2},"end":{"line":77,"column":3}},"type":"if","locations":[{"start":{"line":75,"column":2},"end":{"line":77,"column":3}}]},"8":{"loc":{"start":{"line":87,"column":2},"end":{"line":90,"column":3}},"type":"if","locations":[{"start":{"line":87,"column":2},"end":{"line":90,"column":3}}]},"9":{"loc":{"start":{"line":94,"column":4},"end":{"line":96,"column":5}},"type":"if","locations":[{"start":{"line":94,"column":4},"end":{"line":96,"column":5}}]},"10":{"loc":{"start":{"line":112,"column":2},"end":{"line":114,"column":3}},"type":"if","locations":[{"start":{"line":112,"column":2},"end":{"line":114,"column":3}}]},"11":{"loc":{"start":{"line":117,"column":2},"end":{"line":124,"column":3}},"type":"if","locations":[{"start":{"line":117,"column":2},"end":{"line":124,"column":3}}]},"12":{"loc":{"start":{"line":140,"column":4},"end":{"line":140,"column":26}},"type":"if","locations":[{"start":{"line":140,"column":4},"end":{"line":140,"column":26}}]}},"s":{"0":2,"1":2,"2":2,"3":2,"4":2,"5":2,"6":2,"7":5,"8":5,"9":0,"10":0,"11":5,"12":5,"13":5,"14":5,"15":5,"16":5,"17":0,"18":0,"19":0,"20":0,"21":0,"22":0,"23":0,"24":0,"25":5,"26":5,"27":0,"28":5,"29":5,"30":5,"31":0,"32":0,"33":0,"34":0,"35":0,"36":0,"37":0,"38":0,"39":0,"40":2,"41":2,"42":2,"43":0,"44":2,"45":2,"46":0,"47":2,"48":2,"49":2,"50":2,"51":0,"52":3,"53":3,"54":0,"55":3,"56":0,"57":0},"f":{"0":5,"1":5,"2":5,"3":2,"4":3,"5":0},"b":{"0":[5,0,0],"1":[0],"2":[0],"3":[0],"4":[0],"5":[0],"6":[0],"7":[5],"8":[0],"9":[0],"10":[0],"11":[0],"12":[0]}}
}
