TN:
SF:src/database.ts
FN:66,(anonymous_0)
FN:81,(anonymous_1)
FN:99,(anonymous_2)
FN:114,(anonymous_3)
FN:132,(anonymous_4)
FN:156,(anonymous_5)
FN:218,(anonymous_6)
FN:248,(anonymous_7)
FN:276,(anonymous_8)
FN:304,(anonymous_9)
FN:314,(anonymous_10)
FN:322,(anonymous_11)
FN:329,(anonymous_12)
FN:336,(anonymous_13)
FNF:14
FNH:14
FNDA:48,(anonymous_0)
FNDA:46,(anonymous_1)
FNDA:45,(anonymous_2)
FNDA:25,(anonymous_3)
FNDA:53,(anonymous_4)
FNDA:9,(anonymous_5)
FNDA:2,(anonymous_6)
FNDA:2,(anonymous_7)
FNDA:3,(anonymous_8)
FNDA:2,(anonymous_9)
FNDA:4,(anonymous_10)
FNDA:2,(anonymous_11)
FNDA:51,(anonymous_12)
FNDA:100,(anonymous_13)
DA:5,2
DA:13,2
DA:53,2
DA:56,48
DA:57,48
DA:58,48
DA:67,48
DA:68,48
DA:82,46
DA:83,0
DA:86,46
DA:87,46
DA:100,45
DA:101,0
DA:103,45
DA:104,45
DA:105,45
DA:115,25
DA:116,25
DA:117,25
DA:118,25
DA:119,25
DA:120,24
DA:122,25
DA:133,53
DA:134,0
DA:136,53
DA:137,53
DA:138,53
DA:139,53
DA:140,53
DA:141,53
DA:142,53
DA:144,0
DA:145,0
DA:160,9
DA:161,9
DA:164,9
DA:165,9
DA:167,9
DA:168,0
DA:169,0
DA:170,0
DA:172,0
DA:178,9
DA:179,9
DA:180,9
DA:181,7
DA:183,7
DA:184,7
DA:185,7
DA:186,7
DA:190,7
DA:191,7
DA:192,15
DA:193,15
DA:194,15
DA:196,15
DA:199,7
DA:201,7
DA:204,9
DA:207,9
DA:222,2
DA:223,2
DA:224,2
DA:225,2
DA:227,2
DA:228,2
DA:229,2
DA:230,2
DA:231,2
DA:232,3
DA:233,3
DA:235,2
DA:237,2
DA:252,2
DA:253,2
DA:254,2
DA:256,2
DA:257,2
DA:258,2
DA:259,2
DA:260,2
DA:261,2
DA:263,2
DA:265,2
DA:280,3
DA:281,3
DA:282,3
DA:283,3
DA:284,3
DA:286,3
DA:287,3
DA:288,3
DA:289,3
DA:290,3
DA:291,3
DA:293,3
DA:295,3
DA:305,2
DA:306,2
DA:315,4
DA:316,4
DA:323,2
DA:330,51
DA:337,100
DA:338,0
LF:107
LH:97
BRDA:66,0,0,2
BRDA:82,1,0,0
BRDA:100,2,0,0
BRDA:100,3,0,45
BRDA:100,3,1,45
BRDA:100,3,2,45
BRDA:133,4,0,0
BRDA:167,5,0,0
BRDA:169,6,0,0
BRDA:169,6,1,0
BRDA:224,7,0,2
BRDA:224,7,1,0
BRDA:225,8,0,2
BRDA:225,8,1,2
BRDA:254,9,0,2
BRDA:254,9,1,0
BRDA:282,10,0,3
BRDA:282,10,1,0
BRDA:283,11,0,3
BRDA:283,11,1,1
BRDA:284,12,0,3
BRDA:284,12,1,3
BRDA:330,13,0,51
BRDA:330,13,1,45
BRDA:337,14,0,0
BRDA:337,15,0,100
BRDA:337,15,1,100
BRF:27
BRH:17
end_of_record
TN:
SF:src/embedding.ts
FN:20,hashEmbed
FN:42,(anonymous_1)
FN:59,(anonymous_2)
FN:69,(anonymous_3)
FNF:4
FNH:3
FNDA:3,hashEmbed
FNDA:0,(anonymous_1)
FNDA:1,(anonymous_2)
FNDA:2,(anonymous_3)
DA:8,1
DA:20,1
DA:21,3
DA:34,1
DA:43,0
DA:44,0
DA:60,1
DA:61,1
DA:63,0
DA:70,2
DA:71,0
DA:72,0
LF:12
LH:7
BRDA:20,0,0,0
BRDA:60,1,0,1
BRDA:70,2,0,0
BRF:3
BRH:1
end_of_record
TN:
SF:src/index.ts
FN:30,(anonymous_0)
FN:31,(anonymous_1)
FN:35,(anonymous_2)
FN:43,(anonymous_3)
FN:46,(anonymous_4)
FN:46,(anonymous_5)
FN:48,(anonymous_6)
FN:49,(anonymous_7)
FN:50,(anonymous_8)
FN:58,version
FNF:10
FNH:5
FNDA:0,(anonymous_0)
FNDA:0,(anonymous_1)
FNDA:0,(anonymous_2)
FNDA:0,(anonymous_3)
FNDA:3,(anonymous_4)
FNDA:2,(anonymous_5)
FNDA:0,(anonymous_6)
FNDA:1,(anonymous_7)
FNDA:2,(anonymous_8)
FNDA:1,version
DA:30,1
DA:31,1
DA:32,1
DA:35,1
DA:43,1
DA:46,4
DA:47,1
DA:48,1
DA:49,2
DA:50,3
DA:58,1
DA:59,1
DA:61,1
DA:62,1
DA:64,0
LF:15
LH:14
BRF:0
BRH:0
end_of_record
TN:
SF:src/transaction.ts
FN:34,(anonymous_0)
FN:43,(anonymous_1)
FN:61,(anonymous_2)
FN:79,(anonymous_3)
FN:109,(anonymous_4)
FN:120,(anonymous_5)
FN:134,(anonymous_6)
FN:157,(anonymous_7)
FN:173,(anonymous_8)
FN:185,(anonymous_9)
FN:201,(anonymous_10)
FN:206,(anonymous_11)
FN:216,(anonymous_12)
FN:230,(anonymous_13)
FN:260,(anonymous_14)
FN:275,(anonymous_15)
FN:302,(anonymous_16)
FN:326,(anonymous_17)
FN:333,(anonymous_18)
FN:340,(anonymous_19)
FN:349,(anonymous_20)
FNF:21
FNH:21
FNDA:81,(anonymous_0)
FNDA:55,(anonymous_1)
FNDA:29,(anonymous_2)
FNDA:61,(anonymous_3)
FNDA:1,(anonymous_4)
FNDA:23,(anonymous_5)
FNDA:2,(anonymous_6)
FNDA:6,(anonymous_7)
FNDA:6,(anonymous_8)
FNDA:1,(anonymous_9)
FNDA:3,(anonymous_10)
FNDA:14,(anonymous_11)
FNDA:7,(anonymous_12)
FNDA:22,(anonymous_13)
FNDA:3,(anonymous_14)
FNDA:6,(anonymous_15)
FNDA:1,(anonymous_16)
FNDA:2,(anonymous_17)
FNDA:147,(anonymous_18)
FNDA:142,(anonymous_19)
FNDA:104,(anonymous_20)
DA:23,2
DA:27,81
DA:28,81
DA:35,81
DA:36,81
DA:37,81
DA:44,55
DA:45,1
DA:47,54
DA:48,0
DA:50,54
DA:51,0
DA:53,54
DA:54,54
DA:55,54
DA:62,29
DA:63,1
DA:65,28
DA:66,1
DA:68,27
DA:69,27
DA:70,27
DA:80,61
DA:82,59
DA:83,59
DA:85,59
DA:86,0
DA:89,59
DA:90,59
DA:93,59
DA:94,65
DA:97,59
DA:110,1
DA:111,1
DA:121,23
DA:122,21
DA:135,2
DA:137,2
DA:138,1
DA:141,1
DA:143,1
DA:162,6
DA:163,6
DA:174,6
DA:175,6
DA:190,1
DA:191,1
DA:205,3
DA:206,14
DA:207,3
DA:217,7
DA:218,7
DA:236,22
DA:238,22
DA:239,0
DA:242,22
DA:244,22
DA:265,3
DA:266,3
DA:276,6
DA:277,6
DA:278,6
DA:279,6
DA:280,6
DA:281,6
DA:282,6
DA:283,6
DA:290,6
DA:292,6
DA:303,1
DA:304,1
DA:305,1
DA:306,1
DA:307,1
DA:308,1
DA:309,1
DA:310,1
DA:317,1
DA:319,1
DA:327,2
DA:334,147
DA:341,142
DA:342,2
DA:350,104
DA:351,104
DA:352,2
LF:86
LH:82
BRDA:44,0,0,1
BRDA:47,1,0,0
BRDA:50,2,0,0
BRDA:62,3,0,1
BRDA:65,4,0,1
BRDA:65,5,0,28
BRDA:65,5,1,27
BRDA:79,6,0,0
BRDA:82,7,0,59
BRDA:82,7,1,1
BRDA:83,8,0,59
BRDA:83,8,1,16
BRDA:85,9,0,0
BRDA:89,10,0,59
BRDA:89,10,1,1
BRDA:137,11,0,1
BRDA:234,12,0,22
BRDA:238,13,0,0
BRDA:238,14,0,22
BRDA:238,14,1,0
BRDA:334,15,0,147
BRDA:334,15,1,145
BRDA:334,15,2,142
BRDA:341,16,0,2
BRDA:351,17,0,2
BRF:25
BRH:19
end_of_record
TN:
SF:src/types.ts
FN:49,(anonymous_0)
FN:51,(anonymous_1)
FN:55,(anonymous_2)
FN:59,(anonymous_3)
FN:63,(anonymous_4)
FN:67,(anonymous_5)
FN:71,(anonymous_6)
FN:137,(anonymous_7)
FNF:8
FNH:8
FNDA:6,(anonymous_0)
FNDA:1,(anonymous_1)
FNDA:1,(anonymous_2)
FNDA:1,(anonymous_3)
FNDA:1,(anonymous_4)
FNDA:1,(anonymous_5)
FNDA:1,(anonymous_6)
FNDA:1,(anonymous_7)
DA:48,1
DA:49,6
DA:52,1
DA:56,1
DA:60,1
DA:64,1
DA:68,1
DA:72,1
DA:137,1
DA:138,1
DA:139,1
LF:11
LH:11
BRDA:137,0,0,1
BRDA:137,0,1,1
BRF:2
BRH:2
end_of_record
TN:
SF:src/ffi/bindings.ts
FN:312,tryFunc
FN:316,(anonymous_2)
FN:323,createBindings
FN:615,getBindings
FNF:4
FNH:3
FNDA:12,tryFunc
FNDA:0,(anonymous_2)
FNDA:2,createBindings
FNDA:2,getBindings
DA:8,2
DA:9,2
DA:12,2
DA:13,2
DA:14,2
DA:15,2
DA:16,2
DA:17,2
DA:18,2
DA:19,2
DA:22,2
DA:31,2
DA:38,2
DA:48,2
DA:54,2
DA:60,2
DA:66,2
DA:76,2
DA:305,2
DA:313,12
DA:314,12
DA:316,0
DA:324,2
DA:327,2
DA:328,2
DA:329,2
DA:330,2
DA:331,2
DA:332,2
DA:333,2
DA:334,2
DA:335,2
DA:336,2
DA:337,2
DA:338,2
DA:339,2
DA:340,2
DA:341,2
DA:342,2
DA:343,2
DA:344,2
DA:345,2
DA:346,2
DA:348,2
DA:615,2
DA:616,2
DA:617,2
DA:619,2
LF:48
LH:47
BRDA:616,0,0,2
BRF:1
BRH:1
end_of_record
TN:
SF:src/ffi/index.ts
FN:16,(anonymous_1)
FN:16,(anonymous_2)
FN:23,(anonymous_3)
FN:45,(anonymous_4)
FN:115,(anonymous_5)
FN:122,(anonymous_6)
FN:129,(anonymous_7)
FN:147,(anonymous_8)
FN:184,(anonymous_9)
FN:195,(anonymous_10)
FN:214,(anonymous_11)
FN:226,(anonymous_12)
FN:237,(anonymous_13)
FN:245,(anonymous_14)
FN:257,(anonymous_15)
FN:267,(anonymous_16)
FN:275,(anonymous_17)
FN:285,(anonymous_18)
FN:309,(anonymous_19)
FN:328,(anonymous_20)
FN:338,(anonymous_21)
FN:379,(anonymous_22)
FN:393,(anonymous_23)
FN:407,(anonymous_24)
FN:417,(anonymous_25)
FN:427,(anonymous_26)
FN:445,(anonymous_27)
FN:480,(anonymous_28)
FN:517,(anonymous_29)
FN:539,(anonymous_30)
FN:546,(anonymous_31)
FN:568,(anonymous_32)
FN:579,(anonymous_33)
FN:587,(anonymous_34)
FN:607,(anonymous_35)
FN:631,(anonymous_36)
FN:638,(anonymous_37)
FN:660,(anonymous_38)
FN:671,(anonymous_39)
FN:692,(anonymous_40)
FN:705,(anonymous_41)
FN:715,(anonymous_42)
FN:725,(anonymous_43)
FN:732,(anonymous_44)
FN:761,(anonymous_45)
FN:772,(anonymous_46)
FN:782,(anonymous_47)
FN:799,(anonymous_48)
FN:809,(anonymous_49)
FN:816,(anonymous_50)
FN:824,(anonymous_51)
FN:844,(anonymous_52)
FN:851,(anonymous_53)
FN:858,(anonymous_54)
FN:865,(anonymous_55)
FN:876,(anonymous_56)
FN:902,(anonymous_57)
FN:926,(anonymous_58)
FN:952,(anonymous_59)
FN:963,getFFI
FNF:60
FNH:54
FNDA:3,(anonymous_1)
FNDA:0,(anonymous_2)
FNDA:4,(anonymous_3)
FNDA:3,(anonymous_4)
FNDA:2,(anonymous_5)
FNDA:529,(anonymous_6)
FNDA:2,(anonymous_7)
FNDA:9,(anonymous_8)
FNDA:1,(anonymous_9)
FNDA:46,(anonymous_10)
FNDA:45,(anonymous_11)
FNDA:90,(anonymous_12)
FNDA:54,(anonymous_13)
FNDA:36,(anonymous_14)
FNDA:59,(anonymous_15)
FNDA:1,(anonymous_16)
FNDA:23,(anonymous_17)
FNDA:1,(anonymous_18)
FNDA:1,(anonymous_19)
FNDA:3,(anonymous_20)
FNDA:14,(anonymous_21)
FNDA:71,(anonymous_22)
FNDA:6,(anonymous_23)
FNDA:15,(anonymous_24)
FNDA:0,(anonymous_25)
FNDA:21,(anonymous_26)
FNDA:71,(anonymous_27)
FNDA:21,(anonymous_28)
FNDA:2,(anonymous_29)
FNDA:2,(anonymous_30)
FNDA:3,(anonymous_31)
FNDA:2,(anonymous_32)
FNDA:7,(anonymous_33)
FNDA:2,(anonymous_34)
FNDA:3,(anonymous_35)
FNDA:5,(anonymous_36)
FNDA:5,(anonymous_37)
FNDA:5,(anonymous_38)
FNDA:22,(anonymous_39)
FNDA:3,(anonymous_40)
FNDA:6,(anonymous_41)
FNDA:1,(anonymous_42)
FNDA:7,(anonymous_43)
FNDA:7,(anonymous_44)
FNDA:7,(anonymous_45)
FNDA:9,(anonymous_46)
FNDA:0,(anonymous_47)
FNDA:9,(anonymous_48)
FNDA:9,(anonymous_49)
FNDA:2,(anonymous_50)
FNDA:4,(anonymous_51)
FNDA:22,(anonymous_52)
FNDA:7,(anonymous_53)
FNDA:7,(anonymous_54)
FNDA:7,(anonymous_55)
FNDA:3,(anonymous_56)
FNDA:0,(anonymous_57)
FNDA:0,(anonymous_58)
FNDA:0,(anonymous_59)
FNDA:50,getFFI
DA:7,2
DA:8,2
DA:16,5
DA:22,2
DA:25,4
DA:27,4
DA:28,4
DA:44,2
DA:48,3
DA:49,3
DA:50,3
DA:52,3
DA:53,3
DA:112,2
DA:116,2
DA:123,529
DA:124,1
DA:125,1
DA:130,2
DA:132,1
DA:134,1
DA:136,0
DA:138,0
DA:140,0
DA:148,9
DA:149,7
DA:152,2
DA:155,2
DA:156,2
DA:159,2
DA:160,2
DA:167,2
DA:168,2
DA:169,2
DA:178,0
DA:185,1
DA:196,46
DA:205,46
DA:206,46
DA:207,46
DA:208,45
DA:215,45
DA:216,45
DA:227,90
DA:228,90
DA:229,90
DA:230,90
DA:231,90
DA:238,54
DA:239,54
DA:246,36
DA:247,36
DA:258,59
DA:259,59
DA:260,59
DA:261,59
DA:268,1
DA:269,1
DA:276,23
DA:277,23
DA:278,23
DA:279,23
DA:286,1
DA:287,1
DA:288,1
DA:290,1
DA:291,1
DA:292,0
DA:295,1
DA:296,1
DA:297,1
DA:298,0
DA:300,1
DA:302,1
DA:315,1
DA:322,1
DA:332,3
DA:333,3
DA:334,1
DA:338,14
DA:345,2
DA:346,2
DA:348,2
DA:355,2
DA:357,2
DA:358,2
DA:359,0
DA:365,2
DA:366,2
DA:367,14
DA:369,2
DA:385,71
DA:386,71
DA:387,71
DA:398,6
DA:399,6
DA:400,6
DA:401,6
DA:408,15
DA:409,15
DA:410,15
DA:411,15
DA:418,0
DA:419,0
DA:420,0
DA:428,21
DA:446,71
DA:447,0
DA:449,71
DA:450,1
DA:452,70
DA:453,26
DA:454,25
DA:456,1
DA:458,44
DA:459,0
DA:461,44
DA:462,44
DA:463,44
DA:465,0
DA:466,0
DA:468,0
DA:469,0
DA:472,0
DA:473,0
DA:474,0
DA:481,21
DA:482,21
DA:484,21
DA:486,0
DA:488,1
DA:491,17
DA:492,17
DA:495,1
DA:497,2
DA:498,2
DA:500,2
DA:501,0
DA:502,0
DA:503,0
DA:506,0
DA:523,2
DA:524,2
DA:532,2
DA:533,2
DA:540,2
DA:550,3
DA:551,3
DA:552,3
DA:558,3
DA:559,3
DA:569,2
DA:580,7
DA:581,7
DA:592,2
DA:593,2
DA:600,2
DA:601,2
DA:614,3
DA:615,3
DA:624,3
DA:625,3
DA:632,5
DA:642,5
DA:643,5
DA:644,5
DA:650,5
DA:651,5
DA:661,5
DA:677,22
DA:678,22
DA:685,22
DA:686,22
DA:698,3
DA:699,3
DA:706,6
DA:707,6
DA:708,6
DA:709,6
DA:716,1
DA:717,1
DA:718,1
DA:719,1
DA:726,7
DA:736,7
DA:737,7
DA:738,7
DA:739,7
DA:741,7
DA:749,7
DA:751,7
DA:762,7
DA:773,9
DA:774,9
DA:775,9
DA:776,9
DA:787,0
DA:793,0
DA:800,9
DA:801,9
DA:802,9
DA:803,7
DA:810,9
DA:817,2
DA:818,2
DA:825,4
DA:826,4
DA:827,4
DA:828,4
DA:829,4
DA:830,4
DA:845,22
DA:852,7
DA:859,7
DA:866,7
DA:877,3
DA:878,3
DA:879,3
DA:886,3
DA:888,3
DA:889,3
DA:891,3
DA:892,3
DA:893,3
DA:895,3
DA:909,0
DA:917,0
DA:918,0
DA:919,0
DA:920,0
DA:927,0
DA:928,0
DA:929,0
DA:936,0
DA:938,0
DA:939,0
DA:941,0
DA:942,0
DA:943,0
DA:945,0
DA:953,0
DA:958,2
DA:963,2
DA:964,50
DA:965,2
DA:967,50
LF:246
LH:204
BRDA:123,0,0,1
BRDA:130,1,0,1
BRDA:130,1,1,1
BRDA:130,1,2,0
BRDA:130,1,3,0
BRDA:130,1,4,0
BRDA:148,2,0,7
BRDA:155,3,0,2
BRDA:155,3,1,0
BRDA:156,4,0,2
BRDA:156,4,1,1
BRDA:159,5,0,2
BRDA:167,6,0,2
BRDA:167,7,0,2
BRDA:167,7,1,0
BRDA:170,8,0,2
BRDA:170,8,1,0
BRDA:195,9,0,0
BRDA:197,10,0,46
BRDA:197,10,1,0
BRDA:198,11,0,46
BRDA:198,11,1,0
BRDA:199,12,0,46
BRDA:199,12,1,0
BRDA:200,13,0,46
BRDA:200,13,1,46
BRDA:201,14,0,46
BRDA:201,14,1,0
BRDA:202,15,0,46
BRDA:202,15,1,0
BRDA:227,16,0,35
BRDA:227,16,1,55
BRDA:259,17,0,59
BRDA:259,17,1,0
BRDA:291,18,0,0
BRDA:297,19,0,0
BRDA:297,20,0,1
BRDA:297,20,1,1
BRDA:333,21,0,1
BRDA:358,22,0,0
BRDA:446,23,0,0
BRDA:446,24,0,71
BRDA:446,24,1,71
BRDA:449,25,0,1
BRDA:452,26,0,26
BRDA:453,27,0,25
BRDA:458,28,0,0
BRDA:461,29,0,44
BRDA:465,30,0,0
BRDA:468,31,0,0
BRDA:484,32,0,0
BRDA:484,32,1,1
BRDA:484,32,2,17
BRDA:484,32,3,1
BRDA:484,32,4,2
BRDA:484,32,5,0
BRDA:492,33,0,0
BRDA:492,33,1,17
BRDA:498,34,0,0
BRDA:500,35,0,2
BRDA:502,36,0,0
BRDA:521,37,0,0
BRDA:611,38,0,0
BRDA:612,39,0,0
BRDA:911,40,0,0
BRDA:911,40,1,0
BRDA:912,41,0,0
BRDA:912,41,1,0
BRDA:913,42,0,0
BRDA:913,42,1,0
BRDA:914,43,0,0
BRDA:914,43,1,0
BRDA:964,44,0,2
BRF:73
BRH:37
end_of_record
TN:
SF:src/ffi/library.ts
FN:19,getLibName
FN:33,getPlatformDir
FN:44,findLibrary
FN:111,getLibrary
FN:138,isLibraryAvailable
FN:150,getLibraryPath
FNF:6
FNH:5
FNDA:5,getLibName
FNDA:5,getPlatformDir
FNDA:5,findLibrary
FNDA:2,getLibrary
FNDA:3,isLibraryAvailable
FNDA:0,getLibraryPath
DA:11,2
DA:12,2
DA:13,2
DA:14,2
DA:20,5
DA:22,5
DA:24,0
DA:26,0
DA:34,5
DA:35,5
DA:36,5
DA:45,5
DA:48,5
DA:49,5
DA:50,0
DA:52,0
DA:53,0
DA:54,0
DA:56,0
DA:57,0
DA:58,0
DA:59,0
DA:67,5
DA:68,5
DA:69,0
DA:74,5
DA:75,5
DA:76,5
DA:80,0
DA:87,0
DA:88,0
DA:89,0
DA:92,0
DA:93,0
DA:94,0
DA:95,0
DA:99,0
DA:103,2
DA:104,2
DA:111,2
DA:112,2
DA:113,0
DA:116,2
DA:117,2
DA:118,0
DA:126,2
DA:127,2
DA:128,2
DA:129,2
DA:131,0
DA:138,2
DA:139,3
DA:140,3
DA:141,3
DA:143,0
DA:150,2
DA:151,0
LF:57
LH:32
BRDA:20,0,0,5
BRDA:20,0,1,0
BRDA:20,0,2,0
BRDA:49,1,0,0
BRDA:50,2,0,0
BRDA:53,3,0,0
BRDA:56,4,0,0
BRDA:58,5,0,0
BRDA:68,6,0,0
BRDA:75,7,0,5
BRDA:87,8,0,0
BRDA:94,9,0,0
BRDA:112,10,0,0
BRDA:117,11,0,0
BRDA:140,12,0,0
BRF:15
BRH:2
end_of_record
